#
# A fatal error has been detected by the Java Runtime Environment:
#
#  EXCEPTION_ACCESS_VIOLATION (0xc0000005) at pc=0x000007fed5d4846d, pid=13492, tid=5424
#
# JRE version: Java(TM) SE Runtime Environment (10.0.1+10) (build 10.0.1+10)
# Java VM: Java HotSpot(TM) 64-Bit Server VM (10.0.1+10, mixed mode, tiered, compressed oops, g1 gc, windows-amd64)
# Problematic frame:
# C  [lwjgl_opengl.dll+0x846d]
#
# No core dump will be written. Minidumps are not enabled by default on client versions of Windows
#
# If you would like to submit a bug report, please visit:
#   http://bugreport.java.com/bugreport/crash.jsp
# The crash happened outside the Java Virtual Machine in native code.
# See problematic frame for where to report the bug.
#

---------------  S U M M A R Y ------------

Command Line: -Dfile.encoding=Cp1252 Game.gameLoop

Host: Intel(R) Core(TM) i7 CPU         920  @ 2.67GHz, 8 cores, 11G,  Windows 7 , 64 bit Build 7601 (6.1.7601.24117)
Time: Thu Jun 07 22:16:27 2018 Central Daylight Time elapsed time: 0 seconds (0d 0h 0m 0s)

---------------  T H R E A D  ---------------

Current thread (0x0000000000128000):  JavaThread "main" [_thread_in_native, id=5424, stack(0x0000000002110000,0x0000000002210000)]

Stack: [0x0000000002110000,0x0000000002210000],  sp=0x000000000220f428,  free space=1021k
Native frames: (J=compiled Java code, j=interpreted, Vv=VM code, C=native code)
C  [lwjgl_opengl.dll+0x846d]

Java frames: (J=compiled Java code, j=interpreted, Vv=VM code)
j  org.lwjgl.opengl.GL30.nglGenVertexArrays(IJ)V+0
j  org.lwjgl.opengl.GL30.glGenVertexArrays()I+20
j  Engine.Load.createVAO()I+0
j  Engine.Load.loadToVAO([F)LEngine/RawModel;+1
j  Game.gameLoop.main([Ljava/lang/String;)V+135
v  ~StubRoutines::call_stub

siginfo: EXCEPTION_ACCESS_VIOLATION (0xc0000005), reading address 0x0000000000000f70


Register to memory mapping:

RIP=0x000007fed5d4846d lwjgl_opengl.dll
RAX=0x00000000082ade50 jvm.dll
RBX={method} {0x00000000261e6d18} 'nglGenVertexArrays' '(IJ)V' in 'org/lwjgl/opengl/GL30'
RCX=0x0000000000000001 is an unknown value
RDX=0x0000000027bf8cdc is an unknown value
RSP=0x000000000220f428 is pointing into the stack for thread: 0x0000000000128000
RBP=0x000000000220f4b8 is pointing into the stack for thread: 0x0000000000128000
RSI=0x00000000000014e0 is an unknown value
RDI=0x000000000faba0e3 is at code_begin+2307 in an Interpreter codelet
invoke return entry points  [0x000000000fab97e0, 0x000000000faba1c0]  2528 bytes
R8 =0x0000000000000001 is an unknown value
R9 =0x0000000027bf8cdc is an unknown value
R10=0x0000000000000000 is an unknown value
R11=0x000000070bbb1660 is an oop
java.lang.Class 
{0x000000070bbb1660} - klass: 'java/lang/Class'
R12=0x0000000000000000 is an unknown value
R13={method} {0x00000000261e6d18} 'nglGenVertexArrays' '(IJ)V' in 'org/lwjgl/opengl/GL30'
R14=0x000000000220f4e8 is pointing into the stack for thread: 0x0000000000128000
R15=0x0000000000128000 is a thread


Registers:
RAX=0x00000000082ade50, RBX=0x00000000261e6d10, RCX=0x0000000000000001, RDX=0x0000000027bf8cdc
RSP=0x000000000220f428, RBP=0x000000000220f4b8, RSI=0x00000000000014e0, RDI=0x000000000faba0e3
R8 =0x0000000000000001, R9 =0x0000000027bf8cdc, R10=0x0000000000000000, R11=0x000000070bbb1660
R12=0x0000000000000000, R13=0x00000000261e6d10, R14=0x000000000220f4e8, R15=0x0000000000128000
RIP=0x000007fed5d4846d, EFLAGS=0x0000000000010202

Top of Stack: (sp=0x000000000220f428)
0x000000000220f428:   000000000fabeb5b 000000000faba0e3
0x000000000220f438:   000000000fabe891 00000000261e6d10
0x000000000220f448:   000000000220f4b8 00000000000014e0
0x000000000220f458:   0000000000000000 000000000faba0e3
0x000000000220f468:   000000000fabe856 000000000220f470
0x000000000220f478:   00000000261e6d10 000000000220f4e8
0x000000000220f488:   00000000261e9928 0000000000000000
0x000000000220f498:   000000070bbb1660 00000000261e6d10
0x000000000220f4a8:   0000000000000000 000000000220f4d8
0x000000000220f4b8:   000000000220f538 000000000faba0e3
0x000000000220f4c8:   000000070bbb1660 000000000fabbf98
0x000000000220f4d8:   0000000027bf8cdc 0000000000000000
0x000000000220f4e8:   0000000000000001 000000000220f4f0
0x000000000220f4f8:   00000000261e6e94 000000000220f568
0x000000000220f508:   00000000261e9928 0000000000000000
0x000000000220f518:   000000070bbb1660 00000000261e6f00 

Instructions: (pc=0x000007fed5d4846d)
0x000007fed5d4844d:   49 ff a2 30 0a 00 00 cc cc cc cc cc cc cc cc cc
0x000007fed5d4845d:   cc cc cc 48 8b 01 49 8b d1 41 8b c8 4c 8b 50 18
0x000007fed5d4846d:   49 ff a2 70 0f 00 00 cc cc cc cc cc cc cc cc cc
0x000007fed5d4847d:   cc cc cc 48 8b 01 48 8b 48 18 48 8b 81 78 1c 00 



---------------  P R O C E S S  ---------------

Threads class SMR info:
_java_thread_list=0x0000000026991510, length=12, elements={
0x0000000000128000, 0x0000000024e6d000, 0x0000000024ec1800, 0x0000000024ec7800,
0x00000000267f0800, 0x00000000267f1000, 0x00000000267f5000, 0x00000000267f6000,
0x0000000024ece800, 0x0000000026840800, 0x0000000026948000, 0x0000000026992000
}

Java Threads: ( => current thread )
=>0x0000000000128000 JavaThread "main" [_thread_in_native, id=5424, stack(0x0000000002110000,0x0000000002210000)]
  0x0000000024e6d000 JavaThread "Reference Handler" daemon [_thread_blocked, id=13516, stack(0x0000000025970000,0x0000000025a70000)]
  0x0000000024ec1800 JavaThread "Finalizer" daemon [_thread_blocked, id=12436, stack(0x00000000266f0000,0x00000000267f0000)]
  0x0000000024ec7800 JavaThread "Signal Dispatcher" daemon [_thread_blocked, id=11924, stack(0x0000000026c80000,0x0000000026d80000)]
  0x00000000267f0800 JavaThread "Attach Listener" daemon [_thread_blocked, id=8856, stack(0x0000000026eb0000,0x0000000026fb0000)]
  0x00000000267f1000 JavaThread "C2 CompilerThread0" daemon [_thread_blocked, id=13948, stack(0x0000000027000000,0x0000000027100000)]
  0x00000000267f5000 JavaThread "C2 CompilerThread1" daemon [_thread_blocked, id=15056, stack(0x00000000271d0000,0x00000000272d0000)]
  0x00000000267f6000 JavaThread "C2 CompilerThread2" daemon [_thread_blocked, id=13180, stack(0x0000000027380000,0x0000000027480000)]
  0x0000000024ece800 JavaThread "C1 CompilerThread3" daemon [_thread_blocked, id=14804, stack(0x00000000274a0000,0x00000000275a0000)]
  0x0000000026840800 JavaThread "Sweeper thread" daemon [_thread_blocked, id=11488, stack(0x0000000026590000,0x0000000026690000)]
  0x0000000026948000 JavaThread "Service Thread" daemon [_thread_blocked, id=6880, stack(0x0000000027700000,0x0000000027800000)]
  0x0000000026992000 JavaThread "Common-Cleaner" daemon [_thread_blocked, id=2600, stack(0x0000000027800000,0x0000000027900000)]

Other Threads:
  0x0000000024e6a000 VMThread "VM Thread" [stack: 0x0000000026480000,0x0000000026580000] [id=11348]
  0x0000000026993000 WatcherThread [stack: 0x0000000026db0000,0x0000000026eb0000] [id=14696]
  0x0000000000141800 GCTaskThread "GC Thread#0" [stack: 0x0000000002860000,0x0000000002960000] [id=5732]
  0x0000000000143000 GCTaskThread "GC Thread#1" [stack: 0x0000000002a90000,0x0000000002b90000] [id=14704]
  0x0000000000145000 GCTaskThread "GC Thread#2" [stack: 0x0000000002d20000,0x0000000002e20000] [id=15252]
  0x0000000000148800 GCTaskThread "GC Thread#3" [stack: 0x0000000002ef0000,0x0000000002ff0000] [id=11232]
  0x000000000014a000 GCTaskThread "GC Thread#4" [stack: 0x0000000003000000,0x0000000003100000] [id=14764]
  0x000000000014d800 GCTaskThread "GC Thread#5" [stack: 0x0000000003190000,0x0000000003290000] [id=14324]
  0x0000000000160000 GCTaskThread "GC Thread#6" [stack: 0x0000000003390000,0x0000000003490000] [id=15032]
  0x0000000000161000 GCTaskThread "GC Thread#7" [stack: 0x00000000034c0000,0x00000000035c0000] [id=12980]
  0x0000000003310800 ConcurrentGCThread "G1 Main Marker" [stack: 0x0000000004f00000,0x0000000005000000] [id=8576]
  0x0000000003313800 ConcurrentGCThread "G1 Conc#0" [stack: 0x0000000005050000,0x0000000005150000] [id=10512]
  0x0000000003314800 ConcurrentGCThread "G1 Conc#1" [stack: 0x0000000005200000,0x0000000005300000] [id=13064]
  0x000000000338f800 ConcurrentGCThread "G1 Refine#0" [stack: 0x0000000024fa0000,0x00000000250a0000] [id=9708]
  0x0000000024d0e800 ConcurrentGCThread "G1 Refine#1" [stack: 0x0000000025220000,0x0000000025320000] [id=11768]
  0x0000000024d10800 ConcurrentGCThread "G1 Refine#2" [stack: 0x00000000253a0000,0x00000000254a0000] [id=11604]
  0x0000000024d11800 ConcurrentGCThread "G1 Refine#3" [stack: 0x0000000025500000,0x0000000025600000] [id=10532]
  0x0000000024d14000 ConcurrentGCThread "G1 Refine#4" [stack: 0x0000000025600000,0x0000000025700000] [id=14900]
  0x0000000024d15000 ConcurrentGCThread "G1 Refine#5" [stack: 0x0000000025800000,0x0000000025900000] [id=10816]
  0x0000000024d21800 ConcurrentGCThread "G1 Refine#6" [stack: 0x00000000250c0000,0x00000000251c0000] [id=8848]
  0x0000000024d28800 ConcurrentGCThread "G1 Refine#7" [stack: 0x0000000025ab0000,0x0000000025bb0000] [id=13012]
  0x0000000024d2b800 ConcurrentGCThread "G1 Young RemSet Sampling" [stack: 0x0000000025700000,0x0000000025800000] [id=3356]

Threads with active compile tasks:

VM state:not at safepoint (normal execution)

VM Mutex/Monitor currently owned by a thread: None

Heap address: 0x0000000700200000, size: 3070 MB, Compressed Oops mode: Zero based, Oop shift amount: 3
Narrow klass base: 0x0000000000000000, Narrow klass shift: 3
Compressed class space size: 1073741824 Address: 0x00000007c0000000

Heap:
 garbage-first heap   total 196608K, used 7168K [0x0000000700200000, 0x00000007c0000000)
  region size 1024K, 8 young (8192K), 0 survivors (0K)
 Metaspace       used 7024K, capacity 7188K, committed 7424K, reserved 1056768K
  class space    used 619K, capacity 664K, committed 768K, reserved 1048576K
Heap Regions: E=young(eden), S=young(survivor), O=old, HS=humongous(starts), HC=humongous(continues), CS=collection set, F=free, A=archive, TS=gc time stamp, AC=allocation context, TAMS=top-at-mark-start (previous, next)
|   0|0x0000000700200000, 0x0000000700200000, 0x0000000700300000|  0%| F|  |TS  0|AC  0|TAMS 0x0000000700200000, 0x0000000700200000|
|   1|0x0000000700300000, 0x0000000700300000, 0x0000000700400000|  0%| F|  |TS  0|AC  0|TAMS 0x0000000700300000, 0x0000000700300000|
|   2|0x0000000700400000, 0x0000000700400000, 0x0000000700500000|  0%| F|  |TS  0|AC  0|TAMS 0x0000000700400000, 0x0000000700400000|
|   3|0x0000000700500000, 0x0000000700500000, 0x0000000700600000|  0%| F|  |TS  0|AC  0|TAMS 0x0000000700500000, 0x0000000700500000|
|   4|0x0000000700600000, 0x0000000700600000, 0x0000000700700000|  0%| F|  |TS  0|AC  0|TAMS 0x0000000700600000, 0x0000000700600000|
|   5|0x0000000700700000, 0x0000000700700000, 0x0000000700800000|  0%| F|  |TS  0|AC  0|TAMS 0x0000000700700000, 0x0000000700700000|
|   6|0x0000000700800000, 0x0000000700800000, 0x0000000700900000|  0%| F|  |TS  0|AC  0|TAMS 0x0000000700800000, 0x0000000700800000|
|   7|0x0000000700900000, 0x0000000700900000, 0x0000000700a00000|  0%| F|  |TS  0|AC  0|TAMS 0x0000000700900000, 0x0000000700900000|
|   8|0x0000000700a00000, 0x0000000700a00000, 0x0000000700b00000|  0%| F|  |TS  0|AC  0|TAMS 0x0000000700a00000, 0x0000000700a00000|
|   9|0x0000000700b00000, 0x0000000700b00000, 0x0000000700c00000|  0%| F|  |TS  0|AC  0|TAMS 0x0000000700b00000, 0x0000000700b00000|
|  10|0x0000000700c00000, 0x0000000700c00000, 0x0000000700d00000|  0%| F|  |TS  0|AC  0|TAMS 0x0000000700c00000, 0x0000000700c00000|
|  11|0x0000000700d00000, 0x0000000700d00000, 0x0000000700e00000|  0%| F|  |TS  0|AC  0|TAMS 0x0000000700d00000, 0x0000000700d00000|
|  12|0x0000000700e00000, 0x0000000700e00000, 0x0000000700f00000|  0%| F|  |TS  0|AC  0|TAMS 0x0000000700e00000, 0x0000000700e00000|
|  13|0x0000000700f00000, 0x0000000700f00000, 0x0000000701000000|  0%| F|  |TS  0|AC  0|TAMS 0x0000000700f00000, 0x0000000700f00000|
|  14|0x0000000701000000, 0x0000000701000000, 0x0000000701100000|  0%| F|  |TS  0|AC  0|TAMS 0x0000000701000000, 0x0000000701000000|
|  15|0x0000000701100000, 0x0000000701100000, 0x0000000701200000|  0%| F|  |TS  0|AC  0|TAMS 0x0000000701100000, 0x0000000701100000|
|  16|0x0000000701200000, 0x0000000701200000, 0x0000000701300000|  0%| F|  |TS  0|AC  0|TAMS 0x0000000701200000, 0x0000000701200000|
|  17|0x0000000701300000, 0x0000000701300000, 0x0000000701400000|  0%| F|  |TS  0|AC  0|TAMS 0x0000000701300000, 0x0000000701300000|
|  18|0x0000000701400000, 0x0000000701400000, 0x0000000701500000|  0%| F|  |TS  0|AC  0|TAMS 0x0000000701400000, 0x0000000701400000|
|  19|0x0000000701500000, 0x0000000701500000, 0x0000000701600000|  0%| F|  |TS  0|AC  0|TAMS 0x0000000701500000, 0x0000000701500000|
|  20|0x0000000701600000, 0x0000000701600000, 0x0000000701700000|  0%| F|  |TS  0|AC  0|TAMS 0x0000000701600000, 0x0000000701600000|
|  21|0x0000000701700000, 0x0000000701700000, 0x0000000701800000|  0%| F|  |TS  0|AC  0|TAMS 0x0000000701700000, 0x0000000701700000|
|  22|0x0000000701800000, 0x0000000701800000, 0x0000000701900000|  0%| F|  |TS  0|AC  0|TAMS 0x0000000701800000, 0x0000000701800000|
|  23|0x0000000701900000, 0x0000000701900000, 0x0000000701a00000|  0%| F|  |TS  0|AC  0|TAMS 0x0000000701900000, 0x0000000701900000|
|  24|0x0000000701a00000, 0x0000000701a00000, 0x0000000701b00000|  0%| F|  |TS  0|AC  0|TAMS 0x0000000701a00000, 0x0000000701a00000|
|  25|0x0000000701b00000, 0x0000000701b00000, 0x0000000701c00000|  0%| F|  |TS  0|AC  0|TAMS 0x0000000701b00000, 0x0000000701b00000|
|  26|0x0000000701c00000, 0x0000000701c00000, 0x0000000701d00000|  0%| F|  |TS  0|AC  0|TAMS 0x0000000701c00000, 0x0000000701c00000|
|  27|0x0000000701d00000, 0x0000000701d00000, 0x0000000701e00000|  0%| F|  |TS  0|AC  0|TAMS 0x0000000701d00000, 0x0000000701d00000|
|  28|0x0000000701e00000, 0x0000000701e00000, 0x0000000701f00000|  0%| F|  |TS  0|AC  0|TAMS 0x0000000701e00000, 0x0000000701e00000|
|  29|0x0000000701f00000, 0x0000000701f00000, 0x0000000702000000|  0%| F|  |TS  0|AC  0|TAMS 0x0000000701f00000, 0x0000000701f00000|
|  30|0x0000000702000000, 0x0000000702000000, 0x0000000702100000|  0%| F|  |TS  0|AC  0|TAMS 0x0000000702000000, 0x0000000702000000|
|  31|0x0000000702100000, 0x0000000702100000, 0x0000000702200000|  0%| F|  |TS  0|AC  0|TAMS 0x0000000702100000, 0x0000000702100000|
|  32|0x0000000702200000, 0x0000000702200000, 0x0000000702300000|  0%| F|  |TS  0|AC  0|TAMS 0x0000000702200000, 0x0000000702200000|
|  33|0x0000000702300000, 0x0000000702300000, 0x0000000702400000|  0%| F|  |TS  0|AC  0|TAMS 0x0000000702300000, 0x0000000702300000|
|  34|0x0000000702400000, 0x0000000702400000, 0x0000000702500000|  0%| F|  |TS  0|AC  0|TAMS 0x0000000702400000, 0x0000000702400000|
|  35|0x0000000702500000, 0x0000000702500000, 0x0000000702600000|  0%| F|  |TS  0|AC  0|TAMS 0x0000000702500000, 0x0000000702500000|
|  36|0x0000000702600000, 0x0000000702600000, 0x0000000702700000|  0%| F|  |TS  0|AC  0|TAMS 0x0000000702600000, 0x0000000702600000|
|  37|0x0000000702700000, 0x0000000702700000, 0x0000000702800000|  0%| F|  |TS  0|AC  0|TAMS 0x0000000702700000, 0x0000000702700000|
|  38|0x0000000702800000, 0x0000000702800000, 0x0000000702900000|  0%| F|  |TS  0|AC  0|TAMS 0x0000000702800000, 0x0000000702800000|
|  39|0x0000000702900000, 0x0000000702900000, 0x0000000702a00000|  0%| F|  |TS  0|AC  0|TAMS 0x0000000702900000, 0x0000000702900000|
|  40|0x0000000702a00000, 0x0000000702a00000, 0x0000000702b00000|  0%| F|  |TS  0|AC  0|TAMS 0x0000000702a00000, 0x0000000702a00000|
|  41|0x0000000702b00000, 0x0000000702b00000, 0x0000000702c00000|  0%| F|  |TS  0|AC  0|TAMS 0x0000000702b00000, 0x0000000702b00000|
|  42|0x0000000702c00000, 0x0000000702c00000, 0x0000000702d00000|  0%| F|  |TS  0|AC  0|TAMS 0x0000000702c00000, 0x0000000702c00000|
|  43|0x0000000702d00000, 0x0000000702d00000, 0x0000000702e00000|  0%| F|  |TS  0|AC  0|TAMS 0x0000000702d00000, 0x0000000702d00000|
|  44|0x0000000702e00000, 0x0000000702e00000, 0x0000000702f00000|  0%| F|  |TS  0|AC  0|TAMS 0x0000000702e00000, 0x0000000702e00000|
|  45|0x0000000702f00000, 0x0000000702f00000, 0x0000000703000000|  0%| F|  |TS  0|AC  0|TAMS 0x0000000702f00000, 0x0000000702f00000|
|  46|0x0000000703000000, 0x0000000703000000, 0x0000000703100000|  0%| F|  |TS  0|AC  0|TAMS 0x0000000703000000, 0x0000000703000000|
|  47|0x0000000703100000, 0x0000000703100000, 0x0000000703200000|  0%| F|  |TS  0|AC  0|TAMS 0x0000000703100000, 0x0000000703100000|
|  48|0x0000000703200000, 0x0000000703200000, 0x0000000703300000|  0%| F|  |TS  0|AC  0|TAMS 0x0000000703200000, 0x0000000703200000|
|  49|0x0000000703300000, 0x0000000703300000, 0x0000000703400000|  0%| F|  |TS  0|AC  0|TAMS 0x0000000703300000, 0x0000000703300000|
|  50|0x0000000703400000, 0x0000000703400000, 0x0000000703500000|  0%| F|  |TS  0|AC  0|TAMS 0x0000000703400000, 0x0000000703400000|
|  51|0x0000000703500000, 0x0000000703500000, 0x0000000703600000|  0%| F|  |TS  0|AC  0|TAMS 0x0000000703500000, 0x0000000703500000|
|  52|0x0000000703600000, 0x0000000703600000, 0x0000000703700000|  0%| F|  |TS  0|AC  0|TAMS 0x0000000703600000, 0x0000000703600000|
|  53|0x0000000703700000, 0x0000000703700000, 0x0000000703800000|  0%| F|  |TS  0|AC  0|TAMS 0x0000000703700000, 0x0000000703700000|
|  54|0x0000000703800000, 0x0000000703800000, 0x0000000703900000|  0%| F|  |TS  0|AC  0|TAMS 0x0000000703800000, 0x0000000703800000|
|  55|0x0000000703900000, 0x0000000703900000, 0x0000000703a00000|  0%| F|  |TS  0|AC  0|TAMS 0x0000000703900000, 0x0000000703900000|
|  56|0x0000000703a00000, 0x0000000703a00000, 0x0000000703b00000|  0%| F|  |TS  0|AC  0|TAMS 0x0000000703a00000, 0x0000000703a00000|
|  57|0x0000000703b00000, 0x0000000703b00000, 0x0000000703c00000|  0%| F|  |TS  0|AC  0|TAMS 0x0000000703b00000, 0x0000000703b00000|
|  58|0x0000000703c00000, 0x0000000703c00000, 0x0000000703d00000|  0%| F|  |TS  0|AC  0|TAMS 0x0000000703c00000, 0x0000000703c00000|
|  59|0x0000000703d00000, 0x0000000703d00000, 0x0000000703e00000|  0%| F|  |TS  0|AC  0|TAMS 0x0000000703d00000, 0x0000000703d00000|
|  60|0x0000000703e00000, 0x0000000703e00000, 0x0000000703f00000|  0%| F|  |TS  0|AC  0|TAMS 0x0000000703e00000, 0x0000000703e00000|
|  61|0x0000000703f00000, 0x0000000703f00000, 0x0000000704000000|  0%| F|  |TS  0|AC  0|TAMS 0x0000000703f00000, 0x0000000703f00000|
|  62|0x0000000704000000, 0x0000000704000000, 0x0000000704100000|  0%| F|  |TS  0|AC  0|TAMS 0x0000000704000000, 0x0000000704000000|
|  63|0x0000000704100000, 0x0000000704100000, 0x0000000704200000|  0%| F|  |TS  0|AC  0|TAMS 0x0000000704100000, 0x0000000704100000|
|  64|0x0000000704200000, 0x0000000704200000, 0x0000000704300000|  0%| F|  |TS  0|AC  0|TAMS 0x0000000704200000, 0x0000000704200000|
|  65|0x0000000704300000, 0x0000000704300000, 0x0000000704400000|  0%| F|  |TS  0|AC  0|TAMS 0x0000000704300000, 0x0000000704300000|
|  66|0x0000000704400000, 0x0000000704400000, 0x0000000704500000|  0%| F|  |TS  0|AC  0|TAMS 0x0000000704400000, 0x0000000704400000|
|  67|0x0000000704500000, 0x0000000704500000, 0x0000000704600000|  0%| F|  |TS  0|AC  0|TAMS 0x0000000704500000, 0x0000000704500000|
|  68|0x0000000704600000, 0x0000000704600000, 0x0000000704700000|  0%| F|  |TS  0|AC  0|TAMS 0x0000000704600000, 0x0000000704600000|
|  69|0x0000000704700000, 0x0000000704700000, 0x0000000704800000|  0%| F|  |TS  0|AC  0|TAMS 0x0000000704700000, 0x0000000704700000|
|  70|0x0000000704800000, 0x0000000704800000, 0x0000000704900000|  0%| F|  |TS  0|AC  0|TAMS 0x0000000704800000, 0x0000000704800000|
|  71|0x0000000704900000, 0x0000000704900000, 0x0000000704a00000|  0%| F|  |TS  0|AC  0|TAMS 0x0000000704900000, 0x0000000704900000|
|  72|0x0000000704a00000, 0x0000000704a00000, 0x0000000704b00000|  0%| F|  |TS  0|AC  0|TAMS 0x0000000704a00000, 0x0000000704a00000|
|  73|0x0000000704b00000, 0x0000000704b00000, 0x0000000704c00000|  0%| F|  |TS  0|AC  0|TAMS 0x0000000704b00000, 0x0000000704b00000|
|  74|0x0000000704c00000, 0x0000000704c00000, 0x0000000704d00000|  0%| F|  |TS  0|AC  0|TAMS 0x0000000704c00000, 0x0000000704c00000|
|  75|0x0000000704d00000, 0x0000000704d00000, 0x0000000704e00000|  0%| F|  |TS  0|AC  0|TAMS 0x0000000704d00000, 0x0000000704d00000|
|  76|0x0000000704e00000, 0x0000000704e00000, 0x0000000704f00000|  0%| F|  |TS  0|AC  0|TAMS 0x0000000704e00000, 0x0000000704e00000|
|  77|0x0000000704f00000, 0x0000000704f00000, 0x0000000705000000|  0%| F|  |TS  0|AC  0|TAMS 0x0000000704f00000, 0x0000000704f00000|
|  78|0x0000000705000000, 0x0000000705000000, 0x0000000705100000|  0%| F|  |TS  0|AC  0|TAMS 0x0000000705000000, 0x0000000705000000|
|  79|0x0000000705100000, 0x0000000705100000, 0x0000000705200000|  0%| F|  |TS  0|AC  0|TAMS 0x0000000705100000, 0x0000000705100000|
|  80|0x0000000705200000, 0x0000000705200000, 0x0000000705300000|  0%| F|  |TS  0|AC  0|TAMS 0x0000000705200000, 0x0000000705200000|
|  81|0x0000000705300000, 0x0000000705300000, 0x0000000705400000|  0%| F|  |TS  0|AC  0|TAMS 0x0000000705300000, 0x0000000705300000|
|  82|0x0000000705400000, 0x0000000705400000, 0x0000000705500000|  0%| F|  |TS  0|AC  0|TAMS 0x0000000705400000, 0x0000000705400000|
|  83|0x0000000705500000, 0x0000000705500000, 0x0000000705600000|  0%| F|  |TS  0|AC  0|TAMS 0x0000000705500000, 0x0000000705500000|
|  84|0x0000000705600000, 0x0000000705600000, 0x0000000705700000|  0%| F|  |TS  0|AC  0|TAMS 0x0000000705600000, 0x0000000705600000|
|  85|0x0000000705700000, 0x0000000705700000, 0x0000000705800000|  0%| F|  |TS  0|AC  0|TAMS 0x0000000705700000, 0x0000000705700000|
|  86|0x0000000705800000, 0x0000000705800000, 0x0000000705900000|  0%| F|  |TS  0|AC  0|TAMS 0x0000000705800000, 0x0000000705800000|
|  87|0x0000000705900000, 0x0000000705900000, 0x0000000705a00000|  0%| F|  |TS  0|AC  0|TAMS 0x0000000705900000, 0x0000000705900000|
|  88|0x0000000705a00000, 0x0000000705a00000, 0x0000000705b00000|  0%| F|  |TS  0|AC  0|TAMS 0x0000000705a00000, 0x0000000705a00000|
|  89|0x0000000705b00000, 0x0000000705b00000, 0x0000000705c00000|  0%| F|  |TS  0|AC  0|TAMS 0x0000000705b00000, 0x0000000705b00000|
|  90|0x0000000705c00000, 0x0000000705c00000, 0x0000000705d00000|  0%| F|  |TS  0|AC  0|TAMS 0x0000000705c00000, 0x0000000705c00000|
|  91|0x0000000705d00000, 0x0000000705d00000, 0x0000000705e00000|  0%| F|  |TS  0|AC  0|TAMS 0x0000000705d00000, 0x0000000705d00000|
|  92|0x0000000705e00000, 0x0000000705e00000, 0x0000000705f00000|  0%| F|  |TS  0|AC  0|TAMS 0x0000000705e00000, 0x0000000705e00000|
|  93|0x0000000705f00000, 0x0000000705f00000, 0x0000000706000000|  0%| F|  |TS  0|AC  0|TAMS 0x0000000705f00000, 0x0000000705f00000|
|  94|0x0000000706000000, 0x0000000706000000, 0x0000000706100000|  0%| F|  |TS  0|AC  0|TAMS 0x0000000706000000, 0x0000000706000000|
|  95|0x0000000706100000, 0x0000000706100000, 0x0000000706200000|  0%| F|  |TS  0|AC  0|TAMS 0x0000000706100000, 0x0000000706100000|
|  96|0x0000000706200000, 0x0000000706200000, 0x0000000706300000|  0%| F|  |TS  0|AC  0|TAMS 0x0000000706200000, 0x0000000706200000|
|  97|0x0000000706300000, 0x0000000706300000, 0x0000000706400000|  0%| F|  |TS  0|AC  0|TAMS 0x0000000706300000, 0x0000000706300000|
|  98|0x0000000706400000, 0x0000000706400000, 0x0000000706500000|  0%| F|  |TS  0|AC  0|TAMS 0x0000000706400000, 0x0000000706400000|
|  99|0x0000000706500000, 0x0000000706500000, 0x0000000706600000|  0%| F|  |TS  0|AC  0|TAMS 0x0000000706500000, 0x0000000706500000|
| 100|0x0000000706600000, 0x0000000706600000, 0x0000000706700000|  0%| F|  |TS  0|AC  0|TAMS 0x0000000706600000, 0x0000000706600000|
| 101|0x0000000706700000, 0x0000000706700000, 0x0000000706800000|  0%| F|  |TS  0|AC  0|TAMS 0x0000000706700000, 0x0000000706700000|
| 102|0x0000000706800000, 0x0000000706800000, 0x0000000706900000|  0%| F|  |TS  0|AC  0|TAMS 0x0000000706800000, 0x0000000706800000|
| 103|0x0000000706900000, 0x0000000706900000, 0x0000000706a00000|  0%| F|  |TS  0|AC  0|TAMS 0x0000000706900000, 0x0000000706900000|
| 104|0x0000000706a00000, 0x0000000706a00000, 0x0000000706b00000|  0%| F|  |TS  0|AC  0|TAMS 0x0000000706a00000, 0x0000000706a00000|
| 105|0x0000000706b00000, 0x0000000706b00000, 0x0000000706c00000|  0%| F|  |TS  0|AC  0|TAMS 0x0000000706b00000, 0x0000000706b00000|
| 106|0x0000000706c00000, 0x0000000706c00000, 0x0000000706d00000|  0%| F|  |TS  0|AC  0|TAMS 0x0000000706c00000, 0x0000000706c00000|
| 107|0x0000000706d00000, 0x0000000706d00000, 0x0000000706e00000|  0%| F|  |TS  0|AC  0|TAMS 0x0000000706d00000, 0x0000000706d00000|
| 108|0x0000000706e00000, 0x0000000706e00000, 0x0000000706f00000|  0%| F|  |TS  0|AC  0|TAMS 0x0000000706e00000, 0x0000000706e00000|
| 109|0x0000000706f00000, 0x0000000706f00000, 0x0000000707000000|  0%| F|  |TS  0|AC  0|TAMS 0x0000000706f00000, 0x0000000706f00000|
| 110|0x0000000707000000, 0x0000000707000000, 0x0000000707100000|  0%| F|  |TS  0|AC  0|TAMS 0x0000000707000000, 0x0000000707000000|
| 111|0x0000000707100000, 0x0000000707100000, 0x0000000707200000|  0%| F|  |TS  0|AC  0|TAMS 0x0000000707100000, 0x0000000707100000|
| 112|0x0000000707200000, 0x0000000707200000, 0x0000000707300000|  0%| F|  |TS  0|AC  0|TAMS 0x0000000707200000, 0x0000000707200000|
| 113|0x0000000707300000, 0x0000000707300000, 0x0000000707400000|  0%| F|  |TS  0|AC  0|TAMS 0x0000000707300000, 0x0000000707300000|
| 114|0x0000000707400000, 0x0000000707400000, 0x0000000707500000|  0%| F|  |TS  0|AC  0|TAMS 0x0000000707400000, 0x0000000707400000|
| 115|0x0000000707500000, 0x0000000707500000, 0x0000000707600000|  0%| F|  |TS  0|AC  0|TAMS 0x0000000707500000, 0x0000000707500000|
| 116|0x0000000707600000, 0x0000000707600000, 0x0000000707700000|  0%| F|  |TS  0|AC  0|TAMS 0x0000000707600000, 0x0000000707600000|
| 117|0x0000000707700000, 0x0000000707700000, 0x0000000707800000|  0%| F|  |TS  0|AC  0|TAMS 0x0000000707700000, 0x0000000707700000|
| 118|0x0000000707800000, 0x0000000707800000, 0x0000000707900000|  0%| F|  |TS  0|AC  0|TAMS 0x0000000707800000, 0x0000000707800000|
| 119|0x0000000707900000, 0x0000000707900000, 0x0000000707a00000|  0%| F|  |TS  0|AC  0|TAMS 0x0000000707900000, 0x0000000707900000|
| 120|0x0000000707a00000, 0x0000000707a00000, 0x0000000707b00000|  0%| F|  |TS  0|AC  0|TAMS 0x0000000707a00000, 0x0000000707a00000|
| 121|0x0000000707b00000, 0x0000000707b00000, 0x0000000707c00000|  0%| F|  |TS  0|AC  0|TAMS 0x0000000707b00000, 0x0000000707b00000|
| 122|0x0000000707c00000, 0x0000000707c00000, 0x0000000707d00000|  0%| F|  |TS  0|AC  0|TAMS 0x0000000707c00000, 0x0000000707c00000|
| 123|0x0000000707d00000, 0x0000000707d00000, 0x0000000707e00000|  0%| F|  |TS  0|AC  0|TAMS 0x0000000707d00000, 0x0000000707d00000|
| 124|0x0000000707e00000, 0x0000000707e00000, 0x0000000707f00000|  0%| F|  |TS  0|AC  0|TAMS 0x0000000707e00000, 0x0000000707e00000|
| 125|0x0000000707f00000, 0x0000000707f00000, 0x0000000708000000|  0%| F|  |TS  0|AC  0|TAMS 0x0000000707f00000, 0x0000000707f00000|
| 126|0x0000000708000000, 0x0000000708000000, 0x0000000708100000|  0%| F|  |TS  0|AC  0|TAMS 0x0000000708000000, 0x0000000708000000|
| 127|0x0000000708100000, 0x0000000708100000, 0x0000000708200000|  0%| F|  |TS  0|AC  0|TAMS 0x0000000708100000, 0x0000000708100000|
| 128|0x0000000708200000, 0x0000000708200000, 0x0000000708300000|  0%| F|  |TS  0|AC  0|TAMS 0x0000000708200000, 0x0000000708200000|
| 129|0x0000000708300000, 0x0000000708300000, 0x0000000708400000|  0%| F|  |TS  0|AC  0|TAMS 0x0000000708300000, 0x0000000708300000|
| 130|0x0000000708400000, 0x0000000708400000, 0x0000000708500000|  0%| F|  |TS  0|AC  0|TAMS 0x0000000708400000, 0x0000000708400000|
| 131|0x0000000708500000, 0x0000000708500000, 0x0000000708600000|  0%| F|  |TS  0|AC  0|TAMS 0x0000000708500000, 0x0000000708500000|
| 132|0x0000000708600000, 0x0000000708600000, 0x0000000708700000|  0%| F|  |TS  0|AC  0|TAMS 0x0000000708600000, 0x0000000708600000|
| 133|0x0000000708700000, 0x0000000708700000, 0x0000000708800000|  0%| F|  |TS  0|AC  0|TAMS 0x0000000708700000, 0x0000000708700000|
| 134|0x0000000708800000, 0x0000000708800000, 0x0000000708900000|  0%| F|  |TS  0|AC  0|TAMS 0x0000000708800000, 0x0000000708800000|
| 135|0x0000000708900000, 0x0000000708900000, 0x0000000708a00000|  0%| F|  |TS  0|AC  0|TAMS 0x0000000708900000, 0x0000000708900000|
| 136|0x0000000708a00000, 0x0000000708a00000, 0x0000000708b00000|  0%| F|  |TS  0|AC  0|TAMS 0x0000000708a00000, 0x0000000708a00000|
| 137|0x0000000708b00000, 0x0000000708b00000, 0x0000000708c00000|  0%| F|  |TS  0|AC  0|TAMS 0x0000000708b00000, 0x0000000708b00000|
| 138|0x0000000708c00000, 0x0000000708c00000, 0x0000000708d00000|  0%| F|  |TS  0|AC  0|TAMS 0x0000000708c00000, 0x0000000708c00000|
| 139|0x0000000708d00000, 0x0000000708d00000, 0x0000000708e00000|  0%| F|  |TS  0|AC  0|TAMS 0x0000000708d00000, 0x0000000708d00000|
| 140|0x0000000708e00000, 0x0000000708e00000, 0x0000000708f00000|  0%| F|  |TS  0|AC  0|TAMS 0x0000000708e00000, 0x0000000708e00000|
| 141|0x0000000708f00000, 0x0000000708f00000, 0x0000000709000000|  0%| F|  |TS  0|AC  0|TAMS 0x0000000708f00000, 0x0000000708f00000|
| 142|0x0000000709000000, 0x0000000709000000, 0x0000000709100000|  0%| F|  |TS  0|AC  0|TAMS 0x0000000709000000, 0x0000000709000000|
| 143|0x0000000709100000, 0x0000000709100000, 0x0000000709200000|  0%| F|  |TS  0|AC  0|TAMS 0x0000000709100000, 0x0000000709100000|
| 144|0x0000000709200000, 0x0000000709200000, 0x0000000709300000|  0%| F|  |TS  0|AC  0|TAMS 0x0000000709200000, 0x0000000709200000|
| 145|0x0000000709300000, 0x0000000709300000, 0x0000000709400000|  0%| F|  |TS  0|AC  0|TAMS 0x0000000709300000, 0x0000000709300000|
| 146|0x0000000709400000, 0x0000000709400000, 0x0000000709500000|  0%| F|  |TS  0|AC  0|TAMS 0x0000000709400000, 0x0000000709400000|
| 147|0x0000000709500000, 0x0000000709500000, 0x0000000709600000|  0%| F|  |TS  0|AC  0|TAMS 0x0000000709500000, 0x0000000709500000|
| 148|0x0000000709600000, 0x0000000709600000, 0x0000000709700000|  0%| F|  |TS  0|AC  0|TAMS 0x0000000709600000, 0x0000000709600000|
| 149|0x0000000709700000, 0x0000000709700000, 0x0000000709800000|  0%| F|  |TS  0|AC  0|TAMS 0x0000000709700000, 0x0000000709700000|
| 150|0x0000000709800000, 0x0000000709800000, 0x0000000709900000|  0%| F|  |TS  0|AC  0|TAMS 0x0000000709800000, 0x0000000709800000|
| 151|0x0000000709900000, 0x0000000709900000, 0x0000000709a00000|  0%| F|  |TS  0|AC  0|TAMS 0x0000000709900000, 0x0000000709900000|
| 152|0x0000000709a00000, 0x0000000709a00000, 0x0000000709b00000|  0%| F|  |TS  0|AC  0|TAMS 0x0000000709a00000, 0x0000000709a00000|
| 153|0x0000000709b00000, 0x0000000709b00000, 0x0000000709c00000|  0%| F|  |TS  0|AC  0|TAMS 0x0000000709b00000, 0x0000000709b00000|
| 154|0x0000000709c00000, 0x0000000709c00000, 0x0000000709d00000|  0%| F|  |TS  0|AC  0|TAMS 0x0000000709c00000, 0x0000000709c00000|
| 155|0x0000000709d00000, 0x0000000709d00000, 0x0000000709e00000|  0%| F|  |TS  0|AC  0|TAMS 0x0000000709d00000, 0x0000000709d00000|
| 156|0x0000000709e00000, 0x0000000709e00000, 0x0000000709f00000|  0%| F|  |TS  0|AC  0|TAMS 0x0000000709e00000, 0x0000000709e00000|
| 157|0x0000000709f00000, 0x0000000709f00000, 0x000000070a000000|  0%| F|  |TS  0|AC  0|TAMS 0x0000000709f00000, 0x0000000709f00000|
| 158|0x000000070a000000, 0x000000070a000000, 0x000000070a100000|  0%| F|  |TS  0|AC  0|TAMS 0x000000070a000000, 0x000000070a000000|
| 159|0x000000070a100000, 0x000000070a100000, 0x000000070a200000|  0%| F|  |TS  0|AC  0|TAMS 0x000000070a100000, 0x000000070a100000|
| 160|0x000000070a200000, 0x000000070a200000, 0x000000070a300000|  0%| F|  |TS  0|AC  0|TAMS 0x000000070a200000, 0x000000070a200000|
| 161|0x000000070a300000, 0x000000070a300000, 0x000000070a400000|  0%| F|  |TS  0|AC  0|TAMS 0x000000070a300000, 0x000000070a300000|
| 162|0x000000070a400000, 0x000000070a400000, 0x000000070a500000|  0%| F|  |TS  0|AC  0|TAMS 0x000000070a400000, 0x000000070a400000|
| 163|0x000000070a500000, 0x000000070a500000, 0x000000070a600000|  0%| F|  |TS  0|AC  0|TAMS 0x000000070a500000, 0x000000070a500000|
| 164|0x000000070a600000, 0x000000070a600000, 0x000000070a700000|  0%| F|  |TS  0|AC  0|TAMS 0x000000070a600000, 0x000000070a600000|
| 165|0x000000070a700000, 0x000000070a700000, 0x000000070a800000|  0%| F|  |TS  0|AC  0|TAMS 0x000000070a700000, 0x000000070a700000|
| 166|0x000000070a800000, 0x000000070a800000, 0x000000070a900000|  0%| F|  |TS  0|AC  0|TAMS 0x000000070a800000, 0x000000070a800000|
| 167|0x000000070a900000, 0x000000070a900000, 0x000000070aa00000|  0%| F|  |TS  0|AC  0|TAMS 0x000000070a900000, 0x000000070a900000|
| 168|0x000000070aa00000, 0x000000070aa00000, 0x000000070ab00000|  0%| F|  |TS  0|AC  0|TAMS 0x000000070aa00000, 0x000000070aa00000|
| 169|0x000000070ab00000, 0x000000070ab00000, 0x000000070ac00000|  0%| F|  |TS  0|AC  0|TAMS 0x000000070ab00000, 0x000000070ab00000|
| 170|0x000000070ac00000, 0x000000070ac00000, 0x000000070ad00000|  0%| F|  |TS  0|AC  0|TAMS 0x000000070ac00000, 0x000000070ac00000|
| 171|0x000000070ad00000, 0x000000070ad00000, 0x000000070ae00000|  0%| F|  |TS  0|AC  0|TAMS 0x000000070ad00000, 0x000000070ad00000|
| 172|0x000000070ae00000, 0x000000070ae00000, 0x000000070af00000|  0%| F|  |TS  0|AC  0|TAMS 0x000000070ae00000, 0x000000070ae00000|
| 173|0x000000070af00000, 0x000000070af00000, 0x000000070b000000|  0%| F|  |TS  0|AC  0|TAMS 0x000000070af00000, 0x000000070af00000|
| 174|0x000000070b000000, 0x000000070b000000, 0x000000070b100000|  0%| F|  |TS  0|AC  0|TAMS 0x000000070b000000, 0x000000070b000000|
| 175|0x000000070b100000, 0x000000070b100000, 0x000000070b200000|  0%| F|  |TS  0|AC  0|TAMS 0x000000070b100000, 0x000000070b100000|
| 176|0x000000070b200000, 0x000000070b200000, 0x000000070b300000|  0%| F|  |TS  0|AC  0|TAMS 0x000000070b200000, 0x000000070b200000|
| 177|0x000000070b300000, 0x000000070b300000, 0x000000070b400000|  0%| F|  |TS  0|AC  0|TAMS 0x000000070b300000, 0x000000070b300000|
| 178|0x000000070b400000, 0x000000070b400000, 0x000000070b500000|  0%| F|  |TS  0|AC  0|TAMS 0x000000070b400000, 0x000000070b400000|
| 179|0x000000070b500000, 0x000000070b500000, 0x000000070b600000|  0%| F|  |TS  0|AC  0|TAMS 0x000000070b500000, 0x000000070b500000|
| 180|0x000000070b600000, 0x000000070b600000, 0x000000070b700000|  0%| F|  |TS  0|AC  0|TAMS 0x000000070b600000, 0x000000070b600000|
| 181|0x000000070b700000, 0x000000070b700000, 0x000000070b800000|  0%| F|  |TS  0|AC  0|TAMS 0x000000070b700000, 0x000000070b700000|
| 182|0x000000070b800000, 0x000000070b800000, 0x000000070b900000|  0%| F|  |TS  0|AC  0|TAMS 0x000000070b800000, 0x000000070b800000|
| 183|0x000000070b900000, 0x000000070b900000, 0x000000070ba00000|  0%| F|  |TS  0|AC  0|TAMS 0x000000070b900000, 0x000000070b900000|
| 184|0x000000070ba00000, 0x000000070ba7b650, 0x000000070bb00000| 48%| E|  |TS  0|AC  0|TAMS 0x000000070ba00000, 0x000000070ba00000|
| 185|0x000000070bb00000, 0x000000070bc00000, 0x000000070bc00000|100%| E|CS|TS  0|AC  0|TAMS 0x000000070bb00000, 0x000000070bb00000|
| 186|0x000000070bc00000, 0x000000070bd00000, 0x000000070bd00000|100%| E|CS|TS  0|AC  0|TAMS 0x000000070bc00000, 0x000000070bc00000|
| 187|0x000000070bd00000, 0x000000070be00000, 0x000000070be00000|100%| E|CS|TS  0|AC  0|TAMS 0x000000070bd00000, 0x000000070bd00000|
| 188|0x000000070be00000, 0x000000070bf00000, 0x000000070bf00000|100%| E|CS|TS  0|AC  0|TAMS 0x000000070be00000, 0x000000070be00000|
| 189|0x000000070bf00000, 0x000000070c000000, 0x000000070c000000|100%| E|CS|TS  0|AC  0|TAMS 0x000000070bf00000, 0x000000070bf00000|
| 190|0x000000070c000000, 0x000000070c100000, 0x000000070c100000|100%| E|CS|TS  0|AC  0|TAMS 0x000000070c000000, 0x000000070c000000|
| 191|0x000000070c100000, 0x000000070c200000, 0x000000070c200000|100%| E|CS|TS  0|AC  0|TAMS 0x000000070c100000, 0x000000070c100000|

Card table byte_map: [0x0000000004220000,0x0000000004820000] byte_map_base: 0x0000000000a1f000

Marking Bits (Prev, Next): (CMBitMap*) 0x000000000330fba0, (CMBitMap*) 0x000000000330fbd8
 Prev Bits: [0x000000001eab0000, 0x0000000021aa8000)
 Next Bits: [0x0000000021ab0000, 0x0000000024aa8000)

Polling page: 0x0000000000070000

CodeHeap 'non-profiled nmethods': size=120000Kb used=143Kb max_used=143Kb free=119857Kb
 bounds [0x0000000017580000, 0x00000000177f0000, 0x000000001eab0000]
CodeHeap 'profiled nmethods': size=120000Kb used=776Kb max_used=776Kb free=119223Kb
 bounds [0x0000000010050000, 0x00000000102c0000, 0x0000000017580000]
CodeHeap 'non-nmethods': size=5760Kb used=1295Kb max_used=1307Kb free=4464Kb
 bounds [0x000000000fab0000, 0x000000000fd20000, 0x0000000010050000]
 total_blobs=1406 nmethods=513 adapters=674
 compilation: enabled

Compilation events (10 events):
Event: 0.579 Thread 0x00000000267f6000 nmethod 507 0x00000000175a1d10 code [0x00000000175a1ea0, 0x00000000175a1f78]
Event: 0.581 Thread 0x0000000024ece800 

Event: 0.581 Thread 0x0000000024ece800  511       3       jdk.internal.util.jar.JarIndex::get (49 bytes)
Event: 0.582 Thread 0x00000000267f1000 nmethod 510 0x00000000175a2090 code [0x00000000175a2240, 0x00000000175a23e8]
Event: 0.582 Thread 0x0000000024ece800 nmethod 511 0x000000001010c790 code [0x000000001010c9e0, 0x000000001010d308]
Event: 0.582 Thread 0x0000000024ece800  509   !   3       jdk.internal.loader.URLClassPath$JarLoader::getResource (354 bytes)
Event: 0.582 Thread 0x00000000267f6000  513       4       java.lang.StringCoding::hasNegatives (25 bytes)
Event: 0.582 Thread 0x00000000267f1000  514       4       java.lang.String::getBytes (44 bytes)
Event: 0.583 Thread 0x00000000267f5000 nmethod 505 0x00000000175a2610 code [0x00000000175a27c0, 0x00000000175a2d78]
Event: 0.583 Thread 0x00000000267f1000 nmethod 514 0x00000000175a3110 code [0x00000000175a32a0, 0x00000000175a33b8]

GC Heap History (0 events):
No events

Deoptimization events (2 events):
Event: 0.113 Thread 0x0000000000128000 Uncommon trap: reason=unstable_if action=reinterpret pc=0x0000000017583574 method=java.lang.String.hashCode()I @ 14 c2
Event: 0.121 Thread 0x0000000000128000 Uncommon trap: reason=unstable_if action=reinterpret pc=0x0000000017581c10 method=java.lang.String.isLatin1()Z @ 10 c2

Classes redefined (0 events):
No events

Internal exceptions (10 events):
Event: 0.174 Thread 0x0000000000128000 Exception <a 'java/lang/NoSuchMethodError'{0x000000070bfa17b8}: java.lang.Object.lambda$static$0(Ljava/lang/String;)Ljava/lang/Boolean;> (0x000000070bfa17b8) thrown at [t:/workspace/open/src/hotspot/share/interpreter/linkResolver.cpp, line 741]
Event: 0.203 Thread 0x0000000000128000 Exception <a 'java/lang/NoSuchMethodError'{0x000000070be05cb8}: java.lang.Object.lambda$union$2(Ljava/util/regex/Pattern$CharPredicate;I)Z> (0x000000070be05cb8) thrown at [t:/workspace/open/src/hotspot/share/interpreter/linkResolver.cpp, line 741]
Event: 0.206 Thread 0x0000000000128000 Exception <a 'java/lang/NoSuchMethodError'{0x000000070be184f0}: java.lang.invoke.DirectMethodHandle$Holder.invokeStatic(Ljava/lang/Object;Ljava/lang/Object;)I> (0x000000070be184f0) thrown at [t:/workspace/open/src/hotspot/share/interpreter/linkResolver.cp
Event: 0.210 Thread 0x0000000000128000 Exception <a 'java/lang/NoSuchMethodError'{0x000000070be29f78}: method resolution failed> (0x000000070be29f78) thrown at [t:/workspace/open/src/hotspot/share/prims/methodHandles.cpp, line 1226]
Event: 0.211 Thread 0x0000000000128000 Exception <a 'java/lang/NoSuchMethodError'{0x000000070be2db78}: method resolution failed> (0x000000070be2db78) thrown at [t:/workspace/open/src/hotspot/share/prims/methodHandles.cpp, line 1226]
Event: 0.211 Thread 0x0000000000128000 Exception <a 'java/lang/NoSuchMethodError'{0x000000070be31178}: java.lang.invoke.DelegatingMethodHandle$Holder.delegate(Ljava/lang/Object;Ljava/lang/Object;ILjava/lang/Object;)V> (0x000000070be31178) thrown at [t:/workspace/open/src/hotspot/share/interpre
Event: 0.212 Thread 0x0000000000128000 Exception <a 'java/lang/NoSuchMethodError'{0x000000070be34d90}: method resolution failed> (0x000000070be34d90) thrown at [t:/workspace/open/src/hotspot/share/prims/methodHandles.cpp, line 1226]
Event: 0.213 Thread 0x0000000000128000 Exception <a 'java/lang/NoSuchMethodError'{0x000000070be3bc90}: java.lang.invoke.DirectMethodHandle$Holder.invokeStaticInit(Ljava/lang/Object;Ljava/lang/Object;Ljava/lang/Object;)Ljava/lang/Object;> (0x000000070be3bc90) thrown at [t:/workspace/open/src/ho
Event: 0.580 Thread 0x0000000000128000 Exception <a 'sun/nio/fs/WindowsException'{0x000000070ba24e00}> (0x000000070ba24e00) thrown at [t:/workspace/open/src/hotspot/share/prims/jni.cpp, line 611]
Event: 0.580 Thread 0x0000000000128000 Exception <a 'sun/nio/fs/WindowsException'{0x000000070ba25300}> (0x000000070ba25300) thrown at [t:/workspace/open/src/hotspot/share/prims/jni.cpp, line 611]

Events (10 events):
Event: 0.580 Executing VM operation: Deoptimize done
Event: 0.580 loading class java/nio/file/NoSuchFileException done
Event: 0.582 loading class org/lwjgl/opengl/GL$1
Event: 0.582 loading class org/lwjgl/opengl/GL$1 done
Event: 0.582 Thread 0x0000000000128000 DEOPT PACKING pc=0x0000000010087fe2 sp=0x000000000220d010
Event: 0.582 Thread 0x0000000000128000 DEOPT UNPACKING pc=0x000000000fad6337 sp=0x000000000220c498 mode 0
Event: 0.582 loading class org/lwjgl/opengl/GL$SharedLibraryGL
Event: 0.582 loading class org/lwjgl/opengl/GL$SharedLibraryGL done
Event: 0.583 loading class org/lwjgl/system/SharedLibrary$Delegate
Event: 0.583 loading class org/lwjgl/system/SharedLibrary$Delegate done


Dynamic libraries:
0x000000013fa60000 - 0x000000013fa9e000 	C:\Program Files\Java\jre-10.0.1\bin\javaw.exe
0x00000000774e0000 - 0x000000007767f000 	C:\Windows\SYSTEM32\ntdll.dll
0x00000000772c0000 - 0x00000000773df000 	C:\Windows\system32\kernel32.dll
0x000007fefd220000 - 0x000007fefd28a000 	C:\Windows\system32\KERNELBASE.dll
0x000007fefe930000 - 0x000007fefea0b000 	C:\Windows\system32\ADVAPI32.dll
0x000007fefd580000 - 0x000007fefd61f000 	C:\Windows\system32\msvcrt.dll
0x000007fefe4c0000 - 0x000007fefe4df000 	C:\Windows\SYSTEM32\sechost.dll
0x000007fefed10000 - 0x000007fefee3d000 	C:\Windows\system32\RPCRT4.dll
0x00000000773e0000 - 0x00000000774da000 	C:\Windows\system32\USER32.dll
0x000007feff300000 - 0x000007feff367000 	C:\Windows\system32\GDI32.dll
0x000007fefd570000 - 0x000007fefd57e000 	C:\Windows\system32\LPK.dll
0x000007fefe580000 - 0x000007fefe64b000 	C:\Windows\system32\USP10.dll
0x000007fefbad0000 - 0x000007fefbcc4000 	C:\Windows\WinSxS\amd64_microsoft.windows.common-controls_6595b64144ccf1df_6.0.7601.18837_none_fa3b1e3d17594757\COMCTL32.dll
0x000007fefee40000 - 0x000007fefeeb1000 	C:\Windows\system32\SHLWAPI.dll
0x000007fefc170000 - 0x000007fefc17c000 	C:\Windows\system32\VERSION.dll
0x000007feff2d0000 - 0x000007feff2fe000 	C:\Windows\system32\IMM32.DLL
0x000007fefea10000 - 0x000007fefeb19000 	C:\Windows\system32\MSCTF.dll
0x000007fece8a0000 - 0x000007fece98f000 	C:\Program Files\Java\jre-10.0.1\bin\msvcr120.dll
0x000007fed59b0000 - 0x000007fed5a56000 	C:\Program Files\Java\jre-10.0.1\bin\msvcp120.dll
0x0000000007970000 - 0x00000000083e0000 	C:\Program Files\Java\jre-10.0.1\bin\server\jvm.dll
0x000007fef5f00000 - 0x000007fef5f09000 	C:\Windows\system32\WSOCK32.dll
0x000007fefd6e0000 - 0x000007fefd72d000 	C:\Windows\system32\WS2_32.dll
0x000007fefed00000 - 0x000007fefed08000 	C:\Windows\system32\NSI.dll
0x000007fefae20000 - 0x000007fefae5b000 	C:\Windows\system32\WINMM.dll
0x0000000077680000 - 0x0000000077687000 	C:\Windows\system32\PSAPI.DLL
0x000007fee7a90000 - 0x000007fee7a9f000 	C:\Program Files\Java\jre-10.0.1\bin\verify.dll
0x000007fefa2f0000 - 0x000007fefa415000 	C:\Windows\system32\DBGHELP.DLL
0x000007fee5170000 - 0x000007fee5197000 	C:\Program Files\Java\jre-10.0.1\bin\java.dll
0x000007fee7410000 - 0x000007fee7426000 	C:\Program Files\Java\jre-10.0.1\bin\zip.dll
0x000007fee7d40000 - 0x000007fee7d4a000 	C:\Program Files\Java\jre-10.0.1\bin\jimage.dll
0x000007fefd730000 - 0x000007fefe4bb000 	C:\Windows\system32\SHELL32.dll
0x000007fefe650000 - 0x000007fefe84d000 	C:\Windows\system32\ole32.dll
0x000007fefd1c0000 - 0x000007fefd1cf000 	C:\Windows\system32\profapi.dll
0x000007fee7060000 - 0x000007fee707a000 	C:\Program Files\Java\jre-10.0.1\bin\net.dll
0x000007fef69a0000 - 0x000007fef6a11000 	C:\Windows\system32\WINHTTP.dll
0x000007fef6930000 - 0x000007fef6995000 	C:\Windows\system32\webio.dll
0x000007fefca10000 - 0x000007fefca65000 	C:\Windows\system32\mswsock.dll
0x000007fefcba0000 - 0x000007fefcba7000 	C:\Windows\System32\wship6.dll
0x000007fee4ed0000 - 0x000007fee4ee1000 	C:\Program Files\Java\jre-10.0.1\bin\nio.dll
0x000007fee3560000 - 0x000007fee35bb000 	C:\Users\johnson\AppData\Local\Temp\lwjgljohnson\3.1.6-build-14\lwjgl.dll
0x000007fefc460000 - 0x000007fefc463000 	C:\Windows\system32\api-ms-win-core-synch-l1-2-0.DLL
0x000007fee3d10000 - 0x000007fee3d61000 	C:\Users\johnson\AppData\Local\Temp\lwjgljohnson\3.1.6-build-14\glfw.dll
0x000007fefb4c0000 - 0x000007fefb516000 	C:\Windows\system32\uxtheme.dll
0x000007fee38d0000 - 0x000007fee390c000 	C:\Windows\system32\dinput8.dll
0x0000000000470000 - 0x000000000048e000 	C:\Windows\system32\xinput1_3.dll
0x000007fefeb20000 - 0x000007fefecf7000 	C:\Windows\system32\SETUPAPI.dll
0x000007fefd4c0000 - 0x000007fefd4f6000 	C:\Windows\system32\CFGMGR32.dll
0x000007fefeec0000 - 0x000007fefef9a000 	C:\Windows\system32\OLEAUT32.dll
0x000007fefd530000 - 0x000007fefd54a000 	C:\Windows\system32\DEVOBJ.dll
0x000007fefafa0000 - 0x000007fefafb8000 	C:\Windows\system32\dwmapi.dll
0x0000000180000000 - 0x0000000180256000 	C:\Program Files (x86)\RivaTuner Statistics Server\RTSSHooks64.dll
0x000007fefb200000 - 0x000007fefb20b000 	C:\Windows\system32\HID.DLL
0x000007fefd1d0000 - 0x000007fefd20b000 	C:\Windows\system32\WINTRUST.dll
0x000007fefd340000 - 0x000007fefd4ad000 	C:\Windows\system32\CRYPT32.dll
0x000007fefd1b0000 - 0x000007fefd1bf000 	C:\Windows\system32\MSASN1.dll
0x000007fed5d40000 - 0x000007fed5d9f000 	C:\Users\johnson\AppData\Local\Temp\lwjgljohnson\3.1.6-build-14\lwjgl_opengl.dll
0x000007fece780000 - 0x000007fece89d000 	C:\Windows\system32\opengl32.dll
0x000007fee4c70000 - 0x000007fee4c9d000 	C:\Windows\system32\GLU32.dll
0x000007fecdac0000 - 0x000007fecdbb1000 	C:\Windows\system32\DDRAW.dll
0x000007fee7730000 - 0x000007fee7738000 	C:\Windows\system32\DCIMAN32.dll

dbghelp: loaded successfully - version: 4.0.5 - missing functions: none
symbol engine: initialized successfully - sym options: 0x614 - pdb path: .;C:\Program Files\Java\jre-10.0.1\bin;C:\Windows\SYSTEM32;C:\Windows\WinSxS\amd64_microsoft.windows.common-controls_6595b64144ccf1df_6.0.7601.18837_none_fa3b1e3d17594757;C:\Program Files\Java\jre-10.0.1\bin\server;C:\Users\johnson\AppData\Local\Temp\lwjgljohnson\3.1.6-build-14;C:\Program Files (x86)\RivaTuner Statistics Server

VM Arguments:
jvm_args: -Dfile.encoding=Cp1252 
java_command: Game.gameLoop
java_class_path (initial): C:\Users\johnson\Desktop\ServerWorkspace\CelestialHorizonsz\bin;C:\Users\johnson\Documents\GitHub\CelestialHorizons\lib\lwjgl.jar;C:\Users\johnson\Documents\GitHub\CelestialHorizons\lib\lwjgl-assimp.jar;C:\Users\johnson\Documents\GitHub\CelestialHorizons\lib\lwjgl-assimp-natives-windows.jar;C:\Users\johnson\Documents\GitHub\CelestialHorizons\lib\lwjgl-bgfx.jar;C:\Users\johnson\Documents\GitHub\CelestialHorizons\lib\lwjgl-bgfx-natives-windows.jar;C:\Users\johnson\Documents\GitHub\CelestialHorizons\lib\lwjgl-egl.jar;C:\Users\johnson\Documents\GitHub\CelestialHorizons\lib\lwjgl-glfw.jar;C:\Users\johnson\Documents\GitHub\CelestialHorizons\lib\lwjgl-glfw-natives-windows.jar;C:\Users\johnson\Documents\GitHub\CelestialHorizons\lib\lwjgl-jawt.jar;C:\Users\johnson\Documents\GitHub\CelestialHorizons\lib\lwjgl-jemalloc.jar;C:\Users\johnson\Documents\GitHub\CelestialHorizons\lib\lwjgl-jemalloc-natives-windows.jar;C:\Users\johnson\Documents\GitHub\CelestialHorizons\lib\lwjgl-lmdb.jar;C:\Users\johnson\Documents\GitHub\CelestialHorizons\lib\lwjgl-lmdb-natives-windows.jar;C:\Users\johnson\Documents\GitHub\CelestialHorizons\lib\lwjgl-lz4.jar;C:\Users\johnson\Documents\GitHub\CelestialHorizons\lib\lwjgl-lz4-natives-windows.jar;C:\Users\johnson\Documents\GitHub\CelestialHorizons\lib\lwjgl-nanovg.jar;C:\Users\johnson\Documents\GitHub\CelestialHorizons\lib\lwjgl-nanovg-natives-windows.jar;C:\Users\johnson\Documents\GitHub\CelestialHorizons\lib\lwjgl-natives-windows.jar;C:\Users\johnson\Documents\GitHub\CelestialHorizons\lib\lwjgl-nfd.jar;C:\Users\johnson\Documents\GitHub\CelestialHorizons\lib\lwjgl-nfd-natives-windows.jar;C:\Users\johnson\Documents\GitHub\CelestialHorizons\lib\lwjgl-nuklear.jar;C:\Users\johnson\Documents\GitHub\CelestialHorizons\lib\lwjgl-nuklear-natives-windows.jar;C:\Users\johnson\Documents\GitHub\CelestialHorizons\lib\lwjgl-odbc.jar;C:\Users\johnson\Documents\GitHub\CelestialHorizons\lib\lwjgl-openal.jar;C:\Users\johnson\Documents\GitHub\
Launcher Type: SUN_STANDARD

Logging:
Log output configuration:
#0: stdout all=warning uptime,level,tags
#1: stderr all=off uptime,level,tags

Environment Variables:
PATH=C:/Program Files/Java/jre1.8.0_171/bin/server;C:/Program Files/Java/jre1.8.0_171/bin;C:/Program Files/Java/jre1.8.0_171/lib/amd64;C:\Program Files (x86)\Common Files\Oracle\Java\javapath;C:\ProgramData\Oracle\Java\javapath;C:\Program Files\Common Files\Microsoft Shared\Windows Live;C:\Program Files (x86)\Common Files\Microsoft Shared\Windows Live;C:\Windows\system32;C:\Windows;C:\Windows\System32\Wbem;C:\Windows\System32\WindowsPowerShell\v1.0\;C:\Program Files (x86)\Common Files\Roxio Shared\10.0\DLLShared\;C:\Program Files (x86)\Common Files\Roxio Shared\DLLShared\;C:\Program Files (x86)\Common Files\Roxio Shared\9.0\DLLShared\;C:\Program Files (x86)\Windows Live\Shared;C:\Program Files (x86)\Common Files\HP\Digital Imaging\bin;C:\Program Files (x86)\HP\Digital Imaging\bin\;C:\Program Files (x86)\HP\Digital Imaging\bin\Qt\Qt 4.3.3;C:\Program Files\TortoiseSVN\bin;C:\Program Files (x86)\QuickTime\QTSystem\;C:\Program Files (x86)\Skype\Phone\;C:\Program Files (x86)\NVIDIA Corporation\PhysX\Common;C:\Users\johnson\AppData\Roaming\Microsoft\Windows\Start Menu\Programs\Eclipse;
USERNAME=johnson
OS=Windows_NT
PROCESSOR_IDENTIFIER=Intel64 Family 6 Model 26 Stepping 5, GenuineIntel



---------------  S Y S T E M  ---------------

OS: Windows 7 , 64 bit Build 7601 (6.1.7601.24117)

CPU:total 8 (initial active 8) (4 cores per cpu, 2 threads per core) family 6 model 26 stepping 5, cmov, cx8, fxsr, mmx, sse, sse2, sse3, ssse3, sse4.1, sse4.2, popcnt, ht, tsc, tscinvbit, tscinv

Memory: 4k page, physical 12572756k(5597020k free), swap 25143636k(10907964k free)

vm_info: Java HotSpot(TM) 64-Bit Server VM (10.0.1+10) for windows-amd64 JRE (10.0.1+10), built on Mar 27 2018 02:27:48 by "mach5one" with MS VC++ 12.0 (VS2013)

END.
