#
# A fatal error has been detected by the Java Runtime Environment:
#
#  EXCEPTION_ACCESS_VIOLATION (0xc0000005) at pc=0x00007ffea8c716ec, pid=19076, tid=19120
#
# JRE version: Java(TM) SE Runtime Environment (10.0.1+10) (build 10.0.1+10)
# Java VM: Java HotSpot(TM) 64-Bit Server VM (10.0.1+10, mixed mode, tiered, compressed oops, g1 gc, windows-amd64)
# Problematic frame:
# C  [lwjgl_opengl.dll+0x116ec]
#
# No core dump will be written. Minidumps are not enabled by default on client versions of Windows
#
# If you would like to submit a bug report, please visit:
#   http://bugreport.java.com/bugreport/crash.jsp
# The crash happened outside the Java Virtual Machine in native code.
# See problematic frame for where to report the bug.
#

---------------  S U M M A R Y ------------

Command Line: -Dfile.encoding=Cp1252 Game.gameLoop -javaagent:CelestialHorizonsz/res/lwjglx-debug-1.0.0.jar=n

Host: AMD A10-6700 APU with Radeon(tm) HD Graphics   , 4 cores, 15G,  Windows 10 , 64 bit Build 17134 (10.0.17134.1)
Time: Sun Jun 10 04:22:56 2018 GMT Summer Time elapsed time: 0 seconds (0d 0h 0m 0s)

---------------  T H R E A D  ---------------

Current thread (0x000001baf8edc000):  JavaThread "main" [_thread_in_native, id=19120, stack(0x0000005c4bf00000,0x0000005c4c000000)]

Stack: [0x0000005c4bf00000,0x0000005c4c000000],  sp=0x0000005c4bfff2c8,  free space=1020k
Native frames: (J=compiled Java code, j=interpreted, Vv=VM code, C=native code)
C  [lwjgl_opengl.dll+0x116ec]

Java frames: (J=compiled Java code, j=interpreted, Vv=VM code)
j  org.lwjgl.opengl.GL11.glViewport(IIII)V+0
j  Game.gameLoop.loop()V+36
j  Game.gameLoop.main([Ljava/lang/String;)V+13
v  ~StubRoutines::call_stub

siginfo: EXCEPTION_ACCESS_VIOLATION (0xc0000005), reading address 0x0000000000004268


Register to memory mapping:

RIP=0x00007ffea8c716ec lwjgl_opengl.dll
RAX=0x000000007260de50 jvm.dll
RBX={method} {0x000001baff061a10} 'glViewport' '(IIII)V' in 'org/lwjgl/opengl/GL11'
RCX=0x0000000000000000 is an unknown value
RDX=0x0000000000000000 is an unknown value
RSP=0x0000005c4bfff2c8 is pointing into the stack for thread: 0x000001baf8edc000
RBP=0x0000005c4bfff358 is pointing into the stack for thread: 0x000001baf8edc000
RSI=0x0000000000200021 is an unknown value
RDI=0x000001ba876d9b40 is at code_begin+832 in an Interpreter codelet
invoke return entry points  [0x000001ba876d9800, 0x000001ba876da1e0]  2528 bytes
R8 =0x0000000000000780 is an unknown value
R9 =0x0000000000000438 is an unknown value
R10=0x0000000000000000 is an unknown value
R11=0x00000006db890e28 is an oop
java.lang.Class 
{0x00000006db890e28} - klass: 'java/lang/Class'
R12=0x0000000000000000 is an unknown value
R13=0x000001baff061a00 is pointing into metadata
R14=0x0000005c4bfff390 is pointing into the stack for thread: 0x000001baf8edc000
R15=0x000001baf8edc000 is a thread


Registers:
RAX=0x000000007260de50, RBX=0x000001baff061a08, RCX=0x0000000000000000, RDX=0x0000000000000000
RSP=0x0000005c4bfff2c8, RBP=0x0000005c4bfff358, RSI=0x0000000000200021, RDI=0x000001ba876d9b40
R8 =0x0000000000000780, R9 =0x0000000000000438, R10=0x0000000000000000, R11=0x00000006db890e28
R12=0x0000000000000000, R13=0x000001baff061a00, R14=0x0000005c4bfff390, R15=0x000001baf8edc000
RIP=0x00007ffea8c716ec, EFLAGS=0x0000000000010206

Top of Stack: (sp=0x0000005c4bfff2c8)
0x0000005c4bfff2c8:   000001ba876df317 000001ba876d9b40
0x0000005c4bfff2d8:   000001ba876deffc 000001baff061a08
0x0000005c4bfff2e8:   0000005c4bfff358 0000000000000780
0x0000005c4bfff2f8:   0000000000000438 000001ba876d9b40
0x0000005c4bfff308:   000001ba876defb6 0000005c4bfff310
0x0000005c4bfff318:   000001baff061a00 0000005c4bfff390
0x0000005c4bfff328:   000001baff06d4b8 0000000000000000
0x0000005c4bfff338:   00000006db890e28 000001baff061a08
0x0000005c4bfff348:   0000000000000000 0000005c4bfff378
0x0000005c4bfff358:   0000005c4bfff3e0 000001ba876da103
0x0000005c4bfff368:   00000006db890e28 000001ba876dc258
0x0000005c4bfff378:   0000000000000438 0000000000000780
0x0000005c4bfff388:   0000000000000000 0000000000000000
0x0000005c4bfff398:   0000005c4bfff398 000001bafeda0694
0x0000005c4bfff3a8:   0000005c4bfff448 000001bafeda0868
0x0000005c4bfff3b8:   0000000000000000 00000006dc067e40 

Instructions: (pc=0x00007ffea8c716ec)
0x00007ffea8c716cc:   cc cc cc cc 40 53 48 8b 01 41 8b d8 44 8b 44 24
0x00007ffea8c716dc:   30 41 8b d1 44 8b 4c 24 38 8b cb 4c 8b 50 18 5b
0x00007ffea8c716ec:   49 ff a2 68 42 00 00 cc cc cc cc cc cc cc cc cc
0x00007ffea8c716fc:   cc cc cc cc 40 53 48 83 ec 50 48 8b 01 41 8b d8 



---------------  P R O C E S S  ---------------

Threads class SMR info:
_java_thread_list=0x000001baff4384c0, length=11, elements={
0x000001baf8edc000, 0x000001baff239000, 0x000001baff24e000, 0x000001baff259000,
0x000001baff25d000, 0x000001baff265800, 0x000001baff26b800, 0x000001baff26e000,
0x000001baff28e000, 0x000001baff431800, 0x000001baff438800
}

Java Threads: ( => current thread )
=>0x000001baf8edc000 JavaThread "main" [_thread_in_native, id=19120, stack(0x0000005c4bf00000,0x0000005c4c000000)]
  0x000001baff239000 JavaThread "Reference Handler" daemon [_thread_blocked, id=19172, stack(0x0000005c4cc00000,0x0000005c4cd00000)]
  0x000001baff24e000 JavaThread "Finalizer" daemon [_thread_blocked, id=19176, stack(0x0000005c4cd00000,0x0000005c4ce00000)]
  0x000001baff259000 JavaThread "Signal Dispatcher" daemon [_thread_blocked, id=19180, stack(0x0000005c4ce00000,0x0000005c4cf00000)]
  0x000001baff25d000 JavaThread "Attach Listener" daemon [_thread_blocked, id=19184, stack(0x0000005c4cf00000,0x0000005c4d000000)]
  0x000001baff265800 JavaThread "C2 CompilerThread0" daemon [_thread_blocked, id=19188, stack(0x0000005c4d000000,0x0000005c4d100000)]
  0x000001baff26b800 JavaThread "C2 CompilerThread1" daemon [_thread_blocked, id=19192, stack(0x0000005c4d100000,0x0000005c4d200000)]
  0x000001baff26e000 JavaThread "C1 CompilerThread2" daemon [_thread_blocked, id=19196, stack(0x0000005c4d200000,0x0000005c4d300000)]
  0x000001baff28e000 JavaThread "Sweeper thread" daemon [_thread_blocked, id=19200, stack(0x0000005c4d300000,0x0000005c4d400000)]
  0x000001baff431800 JavaThread "Service Thread" daemon [_thread_blocked, id=19204, stack(0x0000005c4d400000,0x0000005c4d500000)]
  0x000001baff438800 JavaThread "Common-Cleaner" daemon [_thread_blocked, id=19208, stack(0x0000005c4d500000,0x0000005c4d600000)]

Other Threads:
  0x000001bafe545800 VMThread "VM Thread" [stack: 0x0000005c4cb00000,0x0000005c4cc00000] [id=19168]
  0x000001baff43c000 WatcherThread [stack: 0x0000005c4d600000,0x0000005c4d700000] [id=19212]
  0x000001baf8ef6000 GCTaskThread "GC Thread#0" [stack: 0x0000005c4c000000,0x0000005c4c100000] [id=19124]
  0x000001baf8ef7800 GCTaskThread "GC Thread#1" [stack: 0x0000005c4c100000,0x0000005c4c200000] [id=19128]
  0x000001baf8eff000 GCTaskThread "GC Thread#2" [stack: 0x0000005c4c200000,0x0000005c4c300000] [id=19132]
  0x000001baf8f07000 GCTaskThread "GC Thread#3" [stack: 0x0000005c4c300000,0x0000005c4c400000] [id=19136]
  0x000001bafe3d2800 ConcurrentGCThread "G1 Main Marker" [stack: 0x0000005c4c400000,0x0000005c4c500000] [id=19140]
  0x000001baf8f50800 ConcurrentGCThread "G1 Conc#0" [stack: 0x0000005c4c500000,0x0000005c4c600000] [id=19144]
  0x000001baf8f9e800 ConcurrentGCThread "G1 Refine#0" [stack: 0x0000005c4c600000,0x0000005c4c700000] [id=19148]
  0x000001bafe470000 ConcurrentGCThread "G1 Refine#1" [stack: 0x0000005c4c700000,0x0000005c4c800000] [id=19152]
  0x000001bafe471000 ConcurrentGCThread "G1 Refine#2" [stack: 0x0000005c4c800000,0x0000005c4c900000] [id=19156]
  0x000001bafe476000 ConcurrentGCThread "G1 Refine#3" [stack: 0x0000005c4c900000,0x0000005c4ca00000] [id=19160]
  0x000001bafe479000 ConcurrentGCThread "G1 Young RemSet Sampling" [stack: 0x0000005c4ca00000,0x0000005c4cb00000] [id=19164]

Threads with active compile tasks:

VM state:not at safepoint (normal execution)

VM Mutex/Monitor currently owned by a thread: None

Heap address: 0x00000006cce00000, size: 3890 MB, Compressed Oops mode: Zero based, Oop shift amount: 3
Narrow klass base: 0x0000000000000000, Narrow klass shift: 3
Compressed class space size: 1073741824 Address: 0x00000007c0000000

Heap:
 garbage-first heap   total 249856K, used 10240K [0x00000006cce00000, 0x00000007c0000000)
  region size 1024K, 11 young (11264K), 0 survivors (0K)
 Metaspace       used 7643K, capacity 7774K, committed 7936K, reserved 1056768K
  class space    used 668K, capacity 703K, committed 768K, reserved 1048576K
Heap Regions: E=young(eden), S=young(survivor), O=old, HS=humongous(starts), HC=humongous(continues), CS=collection set, F=free, A=archive, TS=gc time stamp, AC=allocation context, TAMS=top-at-mark-start (previous, next)
|   0|0x00000006cce00000, 0x00000006cce00000, 0x00000006ccf00000|  0%| F|  |TS  0|AC  0|TAMS 0x00000006cce00000, 0x00000006cce00000|
|   1|0x00000006ccf00000, 0x00000006ccf00000, 0x00000006cd000000|  0%| F|  |TS  0|AC  0|TAMS 0x00000006ccf00000, 0x00000006ccf00000|
|   2|0x00000006cd000000, 0x00000006cd000000, 0x00000006cd100000|  0%| F|  |TS  0|AC  0|TAMS 0x00000006cd000000, 0x00000006cd000000|
|   3|0x00000006cd100000, 0x00000006cd100000, 0x00000006cd200000|  0%| F|  |TS  0|AC  0|TAMS 0x00000006cd100000, 0x00000006cd100000|
|   4|0x00000006cd200000, 0x00000006cd200000, 0x00000006cd300000|  0%| F|  |TS  0|AC  0|TAMS 0x00000006cd200000, 0x00000006cd200000|
|   5|0x00000006cd300000, 0x00000006cd300000, 0x00000006cd400000|  0%| F|  |TS  0|AC  0|TAMS 0x00000006cd300000, 0x00000006cd300000|
|   6|0x00000006cd400000, 0x00000006cd400000, 0x00000006cd500000|  0%| F|  |TS  0|AC  0|TAMS 0x00000006cd400000, 0x00000006cd400000|
|   7|0x00000006cd500000, 0x00000006cd500000, 0x00000006cd600000|  0%| F|  |TS  0|AC  0|TAMS 0x00000006cd500000, 0x00000006cd500000|
|   8|0x00000006cd600000, 0x00000006cd600000, 0x00000006cd700000|  0%| F|  |TS  0|AC  0|TAMS 0x00000006cd600000, 0x00000006cd600000|
|   9|0x00000006cd700000, 0x00000006cd700000, 0x00000006cd800000|  0%| F|  |TS  0|AC  0|TAMS 0x00000006cd700000, 0x00000006cd700000|
|  10|0x00000006cd800000, 0x00000006cd800000, 0x00000006cd900000|  0%| F|  |TS  0|AC  0|TAMS 0x00000006cd800000, 0x00000006cd800000|
|  11|0x00000006cd900000, 0x00000006cd900000, 0x00000006cda00000|  0%| F|  |TS  0|AC  0|TAMS 0x00000006cd900000, 0x00000006cd900000|
|  12|0x00000006cda00000, 0x00000006cda00000, 0x00000006cdb00000|  0%| F|  |TS  0|AC  0|TAMS 0x00000006cda00000, 0x00000006cda00000|
|  13|0x00000006cdb00000, 0x00000006cdb00000, 0x00000006cdc00000|  0%| F|  |TS  0|AC  0|TAMS 0x00000006cdb00000, 0x00000006cdb00000|
|  14|0x00000006cdc00000, 0x00000006cdc00000, 0x00000006cdd00000|  0%| F|  |TS  0|AC  0|TAMS 0x00000006cdc00000, 0x00000006cdc00000|
|  15|0x00000006cdd00000, 0x00000006cdd00000, 0x00000006cde00000|  0%| F|  |TS  0|AC  0|TAMS 0x00000006cdd00000, 0x00000006cdd00000|
|  16|0x00000006cde00000, 0x00000006cde00000, 0x00000006cdf00000|  0%| F|  |TS  0|AC  0|TAMS 0x00000006cde00000, 0x00000006cde00000|
|  17|0x00000006cdf00000, 0x00000006cdf00000, 0x00000006ce000000|  0%| F|  |TS  0|AC  0|TAMS 0x00000006cdf00000, 0x00000006cdf00000|
|  18|0x00000006ce000000, 0x00000006ce000000, 0x00000006ce100000|  0%| F|  |TS  0|AC  0|TAMS 0x00000006ce000000, 0x00000006ce000000|
|  19|0x00000006ce100000, 0x00000006ce100000, 0x00000006ce200000|  0%| F|  |TS  0|AC  0|TAMS 0x00000006ce100000, 0x00000006ce100000|
|  20|0x00000006ce200000, 0x00000006ce200000, 0x00000006ce300000|  0%| F|  |TS  0|AC  0|TAMS 0x00000006ce200000, 0x00000006ce200000|
|  21|0x00000006ce300000, 0x00000006ce300000, 0x00000006ce400000|  0%| F|  |TS  0|AC  0|TAMS 0x00000006ce300000, 0x00000006ce300000|
|  22|0x00000006ce400000, 0x00000006ce400000, 0x00000006ce500000|  0%| F|  |TS  0|AC  0|TAMS 0x00000006ce400000, 0x00000006ce400000|
|  23|0x00000006ce500000, 0x00000006ce500000, 0x00000006ce600000|  0%| F|  |TS  0|AC  0|TAMS 0x00000006ce500000, 0x00000006ce500000|
|  24|0x00000006ce600000, 0x00000006ce600000, 0x00000006ce700000|  0%| F|  |TS  0|AC  0|TAMS 0x00000006ce600000, 0x00000006ce600000|
|  25|0x00000006ce700000, 0x00000006ce700000, 0x00000006ce800000|  0%| F|  |TS  0|AC  0|TAMS 0x00000006ce700000, 0x00000006ce700000|
|  26|0x00000006ce800000, 0x00000006ce800000, 0x00000006ce900000|  0%| F|  |TS  0|AC  0|TAMS 0x00000006ce800000, 0x00000006ce800000|
|  27|0x00000006ce900000, 0x00000006ce900000, 0x00000006cea00000|  0%| F|  |TS  0|AC  0|TAMS 0x00000006ce900000, 0x00000006ce900000|
|  28|0x00000006cea00000, 0x00000006cea00000, 0x00000006ceb00000|  0%| F|  |TS  0|AC  0|TAMS 0x00000006cea00000, 0x00000006cea00000|
|  29|0x00000006ceb00000, 0x00000006ceb00000, 0x00000006cec00000|  0%| F|  |TS  0|AC  0|TAMS 0x00000006ceb00000, 0x00000006ceb00000|
|  30|0x00000006cec00000, 0x00000006cec00000, 0x00000006ced00000|  0%| F|  |TS  0|AC  0|TAMS 0x00000006cec00000, 0x00000006cec00000|
|  31|0x00000006ced00000, 0x00000006ced00000, 0x00000006cee00000|  0%| F|  |TS  0|AC  0|TAMS 0x00000006ced00000, 0x00000006ced00000|
|  32|0x00000006cee00000, 0x00000006cee00000, 0x00000006cef00000|  0%| F|  |TS  0|AC  0|TAMS 0x00000006cee00000, 0x00000006cee00000|
|  33|0x00000006cef00000, 0x00000006cef00000, 0x00000006cf000000|  0%| F|  |TS  0|AC  0|TAMS 0x00000006cef00000, 0x00000006cef00000|
|  34|0x00000006cf000000, 0x00000006cf000000, 0x00000006cf100000|  0%| F|  |TS  0|AC  0|TAMS 0x00000006cf000000, 0x00000006cf000000|
|  35|0x00000006cf100000, 0x00000006cf100000, 0x00000006cf200000|  0%| F|  |TS  0|AC  0|TAMS 0x00000006cf100000, 0x00000006cf100000|
|  36|0x00000006cf200000, 0x00000006cf200000, 0x00000006cf300000|  0%| F|  |TS  0|AC  0|TAMS 0x00000006cf200000, 0x00000006cf200000|
|  37|0x00000006cf300000, 0x00000006cf300000, 0x00000006cf400000|  0%| F|  |TS  0|AC  0|TAMS 0x00000006cf300000, 0x00000006cf300000|
|  38|0x00000006cf400000, 0x00000006cf400000, 0x00000006cf500000|  0%| F|  |TS  0|AC  0|TAMS 0x00000006cf400000, 0x00000006cf400000|
|  39|0x00000006cf500000, 0x00000006cf500000, 0x00000006cf600000|  0%| F|  |TS  0|AC  0|TAMS 0x00000006cf500000, 0x00000006cf500000|
|  40|0x00000006cf600000, 0x00000006cf600000, 0x00000006cf700000|  0%| F|  |TS  0|AC  0|TAMS 0x00000006cf600000, 0x00000006cf600000|
|  41|0x00000006cf700000, 0x00000006cf700000, 0x00000006cf800000|  0%| F|  |TS  0|AC  0|TAMS 0x00000006cf700000, 0x00000006cf700000|
|  42|0x00000006cf800000, 0x00000006cf800000, 0x00000006cf900000|  0%| F|  |TS  0|AC  0|TAMS 0x00000006cf800000, 0x00000006cf800000|
|  43|0x00000006cf900000, 0x00000006cf900000, 0x00000006cfa00000|  0%| F|  |TS  0|AC  0|TAMS 0x00000006cf900000, 0x00000006cf900000|
|  44|0x00000006cfa00000, 0x00000006cfa00000, 0x00000006cfb00000|  0%| F|  |TS  0|AC  0|TAMS 0x00000006cfa00000, 0x00000006cfa00000|
|  45|0x00000006cfb00000, 0x00000006cfb00000, 0x00000006cfc00000|  0%| F|  |TS  0|AC  0|TAMS 0x00000006cfb00000, 0x00000006cfb00000|
|  46|0x00000006cfc00000, 0x00000006cfc00000, 0x00000006cfd00000|  0%| F|  |TS  0|AC  0|TAMS 0x00000006cfc00000, 0x00000006cfc00000|
|  47|0x00000006cfd00000, 0x00000006cfd00000, 0x00000006cfe00000|  0%| F|  |TS  0|AC  0|TAMS 0x00000006cfd00000, 0x00000006cfd00000|
|  48|0x00000006cfe00000, 0x00000006cfe00000, 0x00000006cff00000|  0%| F|  |TS  0|AC  0|TAMS 0x00000006cfe00000, 0x00000006cfe00000|
|  49|0x00000006cff00000, 0x00000006cff00000, 0x00000006d0000000|  0%| F|  |TS  0|AC  0|TAMS 0x00000006cff00000, 0x00000006cff00000|
|  50|0x00000006d0000000, 0x00000006d0000000, 0x00000006d0100000|  0%| F|  |TS  0|AC  0|TAMS 0x00000006d0000000, 0x00000006d0000000|
|  51|0x00000006d0100000, 0x00000006d0100000, 0x00000006d0200000|  0%| F|  |TS  0|AC  0|TAMS 0x00000006d0100000, 0x00000006d0100000|
|  52|0x00000006d0200000, 0x00000006d0200000, 0x00000006d0300000|  0%| F|  |TS  0|AC  0|TAMS 0x00000006d0200000, 0x00000006d0200000|
|  53|0x00000006d0300000, 0x00000006d0300000, 0x00000006d0400000|  0%| F|  |TS  0|AC  0|TAMS 0x00000006d0300000, 0x00000006d0300000|
|  54|0x00000006d0400000, 0x00000006d0400000, 0x00000006d0500000|  0%| F|  |TS  0|AC  0|TAMS 0x00000006d0400000, 0x00000006d0400000|
|  55|0x00000006d0500000, 0x00000006d0500000, 0x00000006d0600000|  0%| F|  |TS  0|AC  0|TAMS 0x00000006d0500000, 0x00000006d0500000|
|  56|0x00000006d0600000, 0x00000006d0600000, 0x00000006d0700000|  0%| F|  |TS  0|AC  0|TAMS 0x00000006d0600000, 0x00000006d0600000|
|  57|0x00000006d0700000, 0x00000006d0700000, 0x00000006d0800000|  0%| F|  |TS  0|AC  0|TAMS 0x00000006d0700000, 0x00000006d0700000|
|  58|0x00000006d0800000, 0x00000006d0800000, 0x00000006d0900000|  0%| F|  |TS  0|AC  0|TAMS 0x00000006d0800000, 0x00000006d0800000|
|  59|0x00000006d0900000, 0x00000006d0900000, 0x00000006d0a00000|  0%| F|  |TS  0|AC  0|TAMS 0x00000006d0900000, 0x00000006d0900000|
|  60|0x00000006d0a00000, 0x00000006d0a00000, 0x00000006d0b00000|  0%| F|  |TS  0|AC  0|TAMS 0x00000006d0a00000, 0x00000006d0a00000|
|  61|0x00000006d0b00000, 0x00000006d0b00000, 0x00000006d0c00000|  0%| F|  |TS  0|AC  0|TAMS 0x00000006d0b00000, 0x00000006d0b00000|
|  62|0x00000006d0c00000, 0x00000006d0c00000, 0x00000006d0d00000|  0%| F|  |TS  0|AC  0|TAMS 0x00000006d0c00000, 0x00000006d0c00000|
|  63|0x00000006d0d00000, 0x00000006d0d00000, 0x00000006d0e00000|  0%| F|  |TS  0|AC  0|TAMS 0x00000006d0d00000, 0x00000006d0d00000|
|  64|0x00000006d0e00000, 0x00000006d0e00000, 0x00000006d0f00000|  0%| F|  |TS  0|AC  0|TAMS 0x00000006d0e00000, 0x00000006d0e00000|
|  65|0x00000006d0f00000, 0x00000006d0f00000, 0x00000006d1000000|  0%| F|  |TS  0|AC  0|TAMS 0x00000006d0f00000, 0x00000006d0f00000|
|  66|0x00000006d1000000, 0x00000006d1000000, 0x00000006d1100000|  0%| F|  |TS  0|AC  0|TAMS 0x00000006d1000000, 0x00000006d1000000|
|  67|0x00000006d1100000, 0x00000006d1100000, 0x00000006d1200000|  0%| F|  |TS  0|AC  0|TAMS 0x00000006d1100000, 0x00000006d1100000|
|  68|0x00000006d1200000, 0x00000006d1200000, 0x00000006d1300000|  0%| F|  |TS  0|AC  0|TAMS 0x00000006d1200000, 0x00000006d1200000|
|  69|0x00000006d1300000, 0x00000006d1300000, 0x00000006d1400000|  0%| F|  |TS  0|AC  0|TAMS 0x00000006d1300000, 0x00000006d1300000|
|  70|0x00000006d1400000, 0x00000006d1400000, 0x00000006d1500000|  0%| F|  |TS  0|AC  0|TAMS 0x00000006d1400000, 0x00000006d1400000|
|  71|0x00000006d1500000, 0x00000006d1500000, 0x00000006d1600000|  0%| F|  |TS  0|AC  0|TAMS 0x00000006d1500000, 0x00000006d1500000|
|  72|0x00000006d1600000, 0x00000006d1600000, 0x00000006d1700000|  0%| F|  |TS  0|AC  0|TAMS 0x00000006d1600000, 0x00000006d1600000|
|  73|0x00000006d1700000, 0x00000006d1700000, 0x00000006d1800000|  0%| F|  |TS  0|AC  0|TAMS 0x00000006d1700000, 0x00000006d1700000|
|  74|0x00000006d1800000, 0x00000006d1800000, 0x00000006d1900000|  0%| F|  |TS  0|AC  0|TAMS 0x00000006d1800000, 0x00000006d1800000|
|  75|0x00000006d1900000, 0x00000006d1900000, 0x00000006d1a00000|  0%| F|  |TS  0|AC  0|TAMS 0x00000006d1900000, 0x00000006d1900000|
|  76|0x00000006d1a00000, 0x00000006d1a00000, 0x00000006d1b00000|  0%| F|  |TS  0|AC  0|TAMS 0x00000006d1a00000, 0x00000006d1a00000|
|  77|0x00000006d1b00000, 0x00000006d1b00000, 0x00000006d1c00000|  0%| F|  |TS  0|AC  0|TAMS 0x00000006d1b00000, 0x00000006d1b00000|
|  78|0x00000006d1c00000, 0x00000006d1c00000, 0x00000006d1d00000|  0%| F|  |TS  0|AC  0|TAMS 0x00000006d1c00000, 0x00000006d1c00000|
|  79|0x00000006d1d00000, 0x00000006d1d00000, 0x00000006d1e00000|  0%| F|  |TS  0|AC  0|TAMS 0x00000006d1d00000, 0x00000006d1d00000|
|  80|0x00000006d1e00000, 0x00000006d1e00000, 0x00000006d1f00000|  0%| F|  |TS  0|AC  0|TAMS 0x00000006d1e00000, 0x00000006d1e00000|
|  81|0x00000006d1f00000, 0x00000006d1f00000, 0x00000006d2000000|  0%| F|  |TS  0|AC  0|TAMS 0x00000006d1f00000, 0x00000006d1f00000|
|  82|0x00000006d2000000, 0x00000006d2000000, 0x00000006d2100000|  0%| F|  |TS  0|AC  0|TAMS 0x00000006d2000000, 0x00000006d2000000|
|  83|0x00000006d2100000, 0x00000006d2100000, 0x00000006d2200000|  0%| F|  |TS  0|AC  0|TAMS 0x00000006d2100000, 0x00000006d2100000|
|  84|0x00000006d2200000, 0x00000006d2200000, 0x00000006d2300000|  0%| F|  |TS  0|AC  0|TAMS 0x00000006d2200000, 0x00000006d2200000|
|  85|0x00000006d2300000, 0x00000006d2300000, 0x00000006d2400000|  0%| F|  |TS  0|AC  0|TAMS 0x00000006d2300000, 0x00000006d2300000|
|  86|0x00000006d2400000, 0x00000006d2400000, 0x00000006d2500000|  0%| F|  |TS  0|AC  0|TAMS 0x00000006d2400000, 0x00000006d2400000|
|  87|0x00000006d2500000, 0x00000006d2500000, 0x00000006d2600000|  0%| F|  |TS  0|AC  0|TAMS 0x00000006d2500000, 0x00000006d2500000|
|  88|0x00000006d2600000, 0x00000006d2600000, 0x00000006d2700000|  0%| F|  |TS  0|AC  0|TAMS 0x00000006d2600000, 0x00000006d2600000|
|  89|0x00000006d2700000, 0x00000006d2700000, 0x00000006d2800000|  0%| F|  |TS  0|AC  0|TAMS 0x00000006d2700000, 0x00000006d2700000|
|  90|0x00000006d2800000, 0x00000006d2800000, 0x00000006d2900000|  0%| F|  |TS  0|AC  0|TAMS 0x00000006d2800000, 0x00000006d2800000|
|  91|0x00000006d2900000, 0x00000006d2900000, 0x00000006d2a00000|  0%| F|  |TS  0|AC  0|TAMS 0x00000006d2900000, 0x00000006d2900000|
|  92|0x00000006d2a00000, 0x00000006d2a00000, 0x00000006d2b00000|  0%| F|  |TS  0|AC  0|TAMS 0x00000006d2a00000, 0x00000006d2a00000|
|  93|0x00000006d2b00000, 0x00000006d2b00000, 0x00000006d2c00000|  0%| F|  |TS  0|AC  0|TAMS 0x00000006d2b00000, 0x00000006d2b00000|
|  94|0x00000006d2c00000, 0x00000006d2c00000, 0x00000006d2d00000|  0%| F|  |TS  0|AC  0|TAMS 0x00000006d2c00000, 0x00000006d2c00000|
|  95|0x00000006d2d00000, 0x00000006d2d00000, 0x00000006d2e00000|  0%| F|  |TS  0|AC  0|TAMS 0x00000006d2d00000, 0x00000006d2d00000|
|  96|0x00000006d2e00000, 0x00000006d2e00000, 0x00000006d2f00000|  0%| F|  |TS  0|AC  0|TAMS 0x00000006d2e00000, 0x00000006d2e00000|
|  97|0x00000006d2f00000, 0x00000006d2f00000, 0x00000006d3000000|  0%| F|  |TS  0|AC  0|TAMS 0x00000006d2f00000, 0x00000006d2f00000|
|  98|0x00000006d3000000, 0x00000006d3000000, 0x00000006d3100000|  0%| F|  |TS  0|AC  0|TAMS 0x00000006d3000000, 0x00000006d3000000|
|  99|0x00000006d3100000, 0x00000006d3100000, 0x00000006d3200000|  0%| F|  |TS  0|AC  0|TAMS 0x00000006d3100000, 0x00000006d3100000|
| 100|0x00000006d3200000, 0x00000006d3200000, 0x00000006d3300000|  0%| F|  |TS  0|AC  0|TAMS 0x00000006d3200000, 0x00000006d3200000|
| 101|0x00000006d3300000, 0x00000006d3300000, 0x00000006d3400000|  0%| F|  |TS  0|AC  0|TAMS 0x00000006d3300000, 0x00000006d3300000|
| 102|0x00000006d3400000, 0x00000006d3400000, 0x00000006d3500000|  0%| F|  |TS  0|AC  0|TAMS 0x00000006d3400000, 0x00000006d3400000|
| 103|0x00000006d3500000, 0x00000006d3500000, 0x00000006d3600000|  0%| F|  |TS  0|AC  0|TAMS 0x00000006d3500000, 0x00000006d3500000|
| 104|0x00000006d3600000, 0x00000006d3600000, 0x00000006d3700000|  0%| F|  |TS  0|AC  0|TAMS 0x00000006d3600000, 0x00000006d3600000|
| 105|0x00000006d3700000, 0x00000006d3700000, 0x00000006d3800000|  0%| F|  |TS  0|AC  0|TAMS 0x00000006d3700000, 0x00000006d3700000|
| 106|0x00000006d3800000, 0x00000006d3800000, 0x00000006d3900000|  0%| F|  |TS  0|AC  0|TAMS 0x00000006d3800000, 0x00000006d3800000|
| 107|0x00000006d3900000, 0x00000006d3900000, 0x00000006d3a00000|  0%| F|  |TS  0|AC  0|TAMS 0x00000006d3900000, 0x00000006d3900000|
| 108|0x00000006d3a00000, 0x00000006d3a00000, 0x00000006d3b00000|  0%| F|  |TS  0|AC  0|TAMS 0x00000006d3a00000, 0x00000006d3a00000|
| 109|0x00000006d3b00000, 0x00000006d3b00000, 0x00000006d3c00000|  0%| F|  |TS  0|AC  0|TAMS 0x00000006d3b00000, 0x00000006d3b00000|
| 110|0x00000006d3c00000, 0x00000006d3c00000, 0x00000006d3d00000|  0%| F|  |TS  0|AC  0|TAMS 0x00000006d3c00000, 0x00000006d3c00000|
| 111|0x00000006d3d00000, 0x00000006d3d00000, 0x00000006d3e00000|  0%| F|  |TS  0|AC  0|TAMS 0x00000006d3d00000, 0x00000006d3d00000|
| 112|0x00000006d3e00000, 0x00000006d3e00000, 0x00000006d3f00000|  0%| F|  |TS  0|AC  0|TAMS 0x00000006d3e00000, 0x00000006d3e00000|
| 113|0x00000006d3f00000, 0x00000006d3f00000, 0x00000006d4000000|  0%| F|  |TS  0|AC  0|TAMS 0x00000006d3f00000, 0x00000006d3f00000|
| 114|0x00000006d4000000, 0x00000006d4000000, 0x00000006d4100000|  0%| F|  |TS  0|AC  0|TAMS 0x00000006d4000000, 0x00000006d4000000|
| 115|0x00000006d4100000, 0x00000006d4100000, 0x00000006d4200000|  0%| F|  |TS  0|AC  0|TAMS 0x00000006d4100000, 0x00000006d4100000|
| 116|0x00000006d4200000, 0x00000006d4200000, 0x00000006d4300000|  0%| F|  |TS  0|AC  0|TAMS 0x00000006d4200000, 0x00000006d4200000|
| 117|0x00000006d4300000, 0x00000006d4300000, 0x00000006d4400000|  0%| F|  |TS  0|AC  0|TAMS 0x00000006d4300000, 0x00000006d4300000|
| 118|0x00000006d4400000, 0x00000006d4400000, 0x00000006d4500000|  0%| F|  |TS  0|AC  0|TAMS 0x00000006d4400000, 0x00000006d4400000|
| 119|0x00000006d4500000, 0x00000006d4500000, 0x00000006d4600000|  0%| F|  |TS  0|AC  0|TAMS 0x00000006d4500000, 0x00000006d4500000|
| 120|0x00000006d4600000, 0x00000006d4600000, 0x00000006d4700000|  0%| F|  |TS  0|AC  0|TAMS 0x00000006d4600000, 0x00000006d4600000|
| 121|0x00000006d4700000, 0x00000006d4700000, 0x00000006d4800000|  0%| F|  |TS  0|AC  0|TAMS 0x00000006d4700000, 0x00000006d4700000|
| 122|0x00000006d4800000, 0x00000006d4800000, 0x00000006d4900000|  0%| F|  |TS  0|AC  0|TAMS 0x00000006d4800000, 0x00000006d4800000|
| 123|0x00000006d4900000, 0x00000006d4900000, 0x00000006d4a00000|  0%| F|  |TS  0|AC  0|TAMS 0x00000006d4900000, 0x00000006d4900000|
| 124|0x00000006d4a00000, 0x00000006d4a00000, 0x00000006d4b00000|  0%| F|  |TS  0|AC  0|TAMS 0x00000006d4a00000, 0x00000006d4a00000|
| 125|0x00000006d4b00000, 0x00000006d4b00000, 0x00000006d4c00000|  0%| F|  |TS  0|AC  0|TAMS 0x00000006d4b00000, 0x00000006d4b00000|
| 126|0x00000006d4c00000, 0x00000006d4c00000, 0x00000006d4d00000|  0%| F|  |TS  0|AC  0|TAMS 0x00000006d4c00000, 0x00000006d4c00000|
| 127|0x00000006d4d00000, 0x00000006d4d00000, 0x00000006d4e00000|  0%| F|  |TS  0|AC  0|TAMS 0x00000006d4d00000, 0x00000006d4d00000|
| 128|0x00000006d4e00000, 0x00000006d4e00000, 0x00000006d4f00000|  0%| F|  |TS  0|AC  0|TAMS 0x00000006d4e00000, 0x00000006d4e00000|
| 129|0x00000006d4f00000, 0x00000006d4f00000, 0x00000006d5000000|  0%| F|  |TS  0|AC  0|TAMS 0x00000006d4f00000, 0x00000006d4f00000|
| 130|0x00000006d5000000, 0x00000006d5000000, 0x00000006d5100000|  0%| F|  |TS  0|AC  0|TAMS 0x00000006d5000000, 0x00000006d5000000|
| 131|0x00000006d5100000, 0x00000006d5100000, 0x00000006d5200000|  0%| F|  |TS  0|AC  0|TAMS 0x00000006d5100000, 0x00000006d5100000|
| 132|0x00000006d5200000, 0x00000006d5200000, 0x00000006d5300000|  0%| F|  |TS  0|AC  0|TAMS 0x00000006d5200000, 0x00000006d5200000|
| 133|0x00000006d5300000, 0x00000006d5300000, 0x00000006d5400000|  0%| F|  |TS  0|AC  0|TAMS 0x00000006d5300000, 0x00000006d5300000|
| 134|0x00000006d5400000, 0x00000006d5400000, 0x00000006d5500000|  0%| F|  |TS  0|AC  0|TAMS 0x00000006d5400000, 0x00000006d5400000|
| 135|0x00000006d5500000, 0x00000006d5500000, 0x00000006d5600000|  0%| F|  |TS  0|AC  0|TAMS 0x00000006d5500000, 0x00000006d5500000|
| 136|0x00000006d5600000, 0x00000006d5600000, 0x00000006d5700000|  0%| F|  |TS  0|AC  0|TAMS 0x00000006d5600000, 0x00000006d5600000|
| 137|0x00000006d5700000, 0x00000006d5700000, 0x00000006d5800000|  0%| F|  |TS  0|AC  0|TAMS 0x00000006d5700000, 0x00000006d5700000|
| 138|0x00000006d5800000, 0x00000006d5800000, 0x00000006d5900000|  0%| F|  |TS  0|AC  0|TAMS 0x00000006d5800000, 0x00000006d5800000|
| 139|0x00000006d5900000, 0x00000006d5900000, 0x00000006d5a00000|  0%| F|  |TS  0|AC  0|TAMS 0x00000006d5900000, 0x00000006d5900000|
| 140|0x00000006d5a00000, 0x00000006d5a00000, 0x00000006d5b00000|  0%| F|  |TS  0|AC  0|TAMS 0x00000006d5a00000, 0x00000006d5a00000|
| 141|0x00000006d5b00000, 0x00000006d5b00000, 0x00000006d5c00000|  0%| F|  |TS  0|AC  0|TAMS 0x00000006d5b00000, 0x00000006d5b00000|
| 142|0x00000006d5c00000, 0x00000006d5c00000, 0x00000006d5d00000|  0%| F|  |TS  0|AC  0|TAMS 0x00000006d5c00000, 0x00000006d5c00000|
| 143|0x00000006d5d00000, 0x00000006d5d00000, 0x00000006d5e00000|  0%| F|  |TS  0|AC  0|TAMS 0x00000006d5d00000, 0x00000006d5d00000|
| 144|0x00000006d5e00000, 0x00000006d5e00000, 0x00000006d5f00000|  0%| F|  |TS  0|AC  0|TAMS 0x00000006d5e00000, 0x00000006d5e00000|
| 145|0x00000006d5f00000, 0x00000006d5f00000, 0x00000006d6000000|  0%| F|  |TS  0|AC  0|TAMS 0x00000006d5f00000, 0x00000006d5f00000|
| 146|0x00000006d6000000, 0x00000006d6000000, 0x00000006d6100000|  0%| F|  |TS  0|AC  0|TAMS 0x00000006d6000000, 0x00000006d6000000|
| 147|0x00000006d6100000, 0x00000006d6100000, 0x00000006d6200000|  0%| F|  |TS  0|AC  0|TAMS 0x00000006d6100000, 0x00000006d6100000|
| 148|0x00000006d6200000, 0x00000006d6200000, 0x00000006d6300000|  0%| F|  |TS  0|AC  0|TAMS 0x00000006d6200000, 0x00000006d6200000|
| 149|0x00000006d6300000, 0x00000006d6300000, 0x00000006d6400000|  0%| F|  |TS  0|AC  0|TAMS 0x00000006d6300000, 0x00000006d6300000|
| 150|0x00000006d6400000, 0x00000006d6400000, 0x00000006d6500000|  0%| F|  |TS  0|AC  0|TAMS 0x00000006d6400000, 0x00000006d6400000|
| 151|0x00000006d6500000, 0x00000006d6500000, 0x00000006d6600000|  0%| F|  |TS  0|AC  0|TAMS 0x00000006d6500000, 0x00000006d6500000|
| 152|0x00000006d6600000, 0x00000006d6600000, 0x00000006d6700000|  0%| F|  |TS  0|AC  0|TAMS 0x00000006d6600000, 0x00000006d6600000|
| 153|0x00000006d6700000, 0x00000006d6700000, 0x00000006d6800000|  0%| F|  |TS  0|AC  0|TAMS 0x00000006d6700000, 0x00000006d6700000|
| 154|0x00000006d6800000, 0x00000006d6800000, 0x00000006d6900000|  0%| F|  |TS  0|AC  0|TAMS 0x00000006d6800000, 0x00000006d6800000|
| 155|0x00000006d6900000, 0x00000006d6900000, 0x00000006d6a00000|  0%| F|  |TS  0|AC  0|TAMS 0x00000006d6900000, 0x00000006d6900000|
| 156|0x00000006d6a00000, 0x00000006d6a00000, 0x00000006d6b00000|  0%| F|  |TS  0|AC  0|TAMS 0x00000006d6a00000, 0x00000006d6a00000|
| 157|0x00000006d6b00000, 0x00000006d6b00000, 0x00000006d6c00000|  0%| F|  |TS  0|AC  0|TAMS 0x00000006d6b00000, 0x00000006d6b00000|
| 158|0x00000006d6c00000, 0x00000006d6c00000, 0x00000006d6d00000|  0%| F|  |TS  0|AC  0|TAMS 0x00000006d6c00000, 0x00000006d6c00000|
| 159|0x00000006d6d00000, 0x00000006d6d00000, 0x00000006d6e00000|  0%| F|  |TS  0|AC  0|TAMS 0x00000006d6d00000, 0x00000006d6d00000|
| 160|0x00000006d6e00000, 0x00000006d6e00000, 0x00000006d6f00000|  0%| F|  |TS  0|AC  0|TAMS 0x00000006d6e00000, 0x00000006d6e00000|
| 161|0x00000006d6f00000, 0x00000006d6f00000, 0x00000006d7000000|  0%| F|  |TS  0|AC  0|TAMS 0x00000006d6f00000, 0x00000006d6f00000|
| 162|0x00000006d7000000, 0x00000006d7000000, 0x00000006d7100000|  0%| F|  |TS  0|AC  0|TAMS 0x00000006d7000000, 0x00000006d7000000|
| 163|0x00000006d7100000, 0x00000006d7100000, 0x00000006d7200000|  0%| F|  |TS  0|AC  0|TAMS 0x00000006d7100000, 0x00000006d7100000|
| 164|0x00000006d7200000, 0x00000006d7200000, 0x00000006d7300000|  0%| F|  |TS  0|AC  0|TAMS 0x00000006d7200000, 0x00000006d7200000|
| 165|0x00000006d7300000, 0x00000006d7300000, 0x00000006d7400000|  0%| F|  |TS  0|AC  0|TAMS 0x00000006d7300000, 0x00000006d7300000|
| 166|0x00000006d7400000, 0x00000006d7400000, 0x00000006d7500000|  0%| F|  |TS  0|AC  0|TAMS 0x00000006d7400000, 0x00000006d7400000|
| 167|0x00000006d7500000, 0x00000006d7500000, 0x00000006d7600000|  0%| F|  |TS  0|AC  0|TAMS 0x00000006d7500000, 0x00000006d7500000|
| 168|0x00000006d7600000, 0x00000006d7600000, 0x00000006d7700000|  0%| F|  |TS  0|AC  0|TAMS 0x00000006d7600000, 0x00000006d7600000|
| 169|0x00000006d7700000, 0x00000006d7700000, 0x00000006d7800000|  0%| F|  |TS  0|AC  0|TAMS 0x00000006d7700000, 0x00000006d7700000|
| 170|0x00000006d7800000, 0x00000006d7800000, 0x00000006d7900000|  0%| F|  |TS  0|AC  0|TAMS 0x00000006d7800000, 0x00000006d7800000|
| 171|0x00000006d7900000, 0x00000006d7900000, 0x00000006d7a00000|  0%| F|  |TS  0|AC  0|TAMS 0x00000006d7900000, 0x00000006d7900000|
| 172|0x00000006d7a00000, 0x00000006d7a00000, 0x00000006d7b00000|  0%| F|  |TS  0|AC  0|TAMS 0x00000006d7a00000, 0x00000006d7a00000|
| 173|0x00000006d7b00000, 0x00000006d7b00000, 0x00000006d7c00000|  0%| F|  |TS  0|AC  0|TAMS 0x00000006d7b00000, 0x00000006d7b00000|
| 174|0x00000006d7c00000, 0x00000006d7c00000, 0x00000006d7d00000|  0%| F|  |TS  0|AC  0|TAMS 0x00000006d7c00000, 0x00000006d7c00000|
| 175|0x00000006d7d00000, 0x00000006d7d00000, 0x00000006d7e00000|  0%| F|  |TS  0|AC  0|TAMS 0x00000006d7d00000, 0x00000006d7d00000|
| 176|0x00000006d7e00000, 0x00000006d7e00000, 0x00000006d7f00000|  0%| F|  |TS  0|AC  0|TAMS 0x00000006d7e00000, 0x00000006d7e00000|
| 177|0x00000006d7f00000, 0x00000006d7f00000, 0x00000006d8000000|  0%| F|  |TS  0|AC  0|TAMS 0x00000006d7f00000, 0x00000006d7f00000|
| 178|0x00000006d8000000, 0x00000006d8000000, 0x00000006d8100000|  0%| F|  |TS  0|AC  0|TAMS 0x00000006d8000000, 0x00000006d8000000|
| 179|0x00000006d8100000, 0x00000006d8100000, 0x00000006d8200000|  0%| F|  |TS  0|AC  0|TAMS 0x00000006d8100000, 0x00000006d8100000|
| 180|0x00000006d8200000, 0x00000006d8200000, 0x00000006d8300000|  0%| F|  |TS  0|AC  0|TAMS 0x00000006d8200000, 0x00000006d8200000|
| 181|0x00000006d8300000, 0x00000006d8300000, 0x00000006d8400000|  0%| F|  |TS  0|AC  0|TAMS 0x00000006d8300000, 0x00000006d8300000|
| 182|0x00000006d8400000, 0x00000006d8400000, 0x00000006d8500000|  0%| F|  |TS  0|AC  0|TAMS 0x00000006d8400000, 0x00000006d8400000|
| 183|0x00000006d8500000, 0x00000006d8500000, 0x00000006d8600000|  0%| F|  |TS  0|AC  0|TAMS 0x00000006d8500000, 0x00000006d8500000|
| 184|0x00000006d8600000, 0x00000006d8600000, 0x00000006d8700000|  0%| F|  |TS  0|AC  0|TAMS 0x00000006d8600000, 0x00000006d8600000|
| 185|0x00000006d8700000, 0x00000006d8700000, 0x00000006d8800000|  0%| F|  |TS  0|AC  0|TAMS 0x00000006d8700000, 0x00000006d8700000|
| 186|0x00000006d8800000, 0x00000006d8800000, 0x00000006d8900000|  0%| F|  |TS  0|AC  0|TAMS 0x00000006d8800000, 0x00000006d8800000|
| 187|0x00000006d8900000, 0x00000006d8900000, 0x00000006d8a00000|  0%| F|  |TS  0|AC  0|TAMS 0x00000006d8900000, 0x00000006d8900000|
| 188|0x00000006d8a00000, 0x00000006d8a00000, 0x00000006d8b00000|  0%| F|  |TS  0|AC  0|TAMS 0x00000006d8a00000, 0x00000006d8a00000|
| 189|0x00000006d8b00000, 0x00000006d8b00000, 0x00000006d8c00000|  0%| F|  |TS  0|AC  0|TAMS 0x00000006d8b00000, 0x00000006d8b00000|
| 190|0x00000006d8c00000, 0x00000006d8c00000, 0x00000006d8d00000|  0%| F|  |TS  0|AC  0|TAMS 0x00000006d8c00000, 0x00000006d8c00000|
| 191|0x00000006d8d00000, 0x00000006d8d00000, 0x00000006d8e00000|  0%| F|  |TS  0|AC  0|TAMS 0x00000006d8d00000, 0x00000006d8d00000|
| 192|0x00000006d8e00000, 0x00000006d8e00000, 0x00000006d8f00000|  0%| F|  |TS  0|AC  0|TAMS 0x00000006d8e00000, 0x00000006d8e00000|
| 193|0x00000006d8f00000, 0x00000006d8f00000, 0x00000006d9000000|  0%| F|  |TS  0|AC  0|TAMS 0x00000006d8f00000, 0x00000006d8f00000|
| 194|0x00000006d9000000, 0x00000006d9000000, 0x00000006d9100000|  0%| F|  |TS  0|AC  0|TAMS 0x00000006d9000000, 0x00000006d9000000|
| 195|0x00000006d9100000, 0x00000006d9100000, 0x00000006d9200000|  0%| F|  |TS  0|AC  0|TAMS 0x00000006d9100000, 0x00000006d9100000|
| 196|0x00000006d9200000, 0x00000006d9200000, 0x00000006d9300000|  0%| F|  |TS  0|AC  0|TAMS 0x00000006d9200000, 0x00000006d9200000|
| 197|0x00000006d9300000, 0x00000006d9300000, 0x00000006d9400000|  0%| F|  |TS  0|AC  0|TAMS 0x00000006d9300000, 0x00000006d9300000|
| 198|0x00000006d9400000, 0x00000006d9400000, 0x00000006d9500000|  0%| F|  |TS  0|AC  0|TAMS 0x00000006d9400000, 0x00000006d9400000|
| 199|0x00000006d9500000, 0x00000006d9500000, 0x00000006d9600000|  0%| F|  |TS  0|AC  0|TAMS 0x00000006d9500000, 0x00000006d9500000|
| 200|0x00000006d9600000, 0x00000006d9600000, 0x00000006d9700000|  0%| F|  |TS  0|AC  0|TAMS 0x00000006d9600000, 0x00000006d9600000|
| 201|0x00000006d9700000, 0x00000006d9700000, 0x00000006d9800000|  0%| F|  |TS  0|AC  0|TAMS 0x00000006d9700000, 0x00000006d9700000|
| 202|0x00000006d9800000, 0x00000006d9800000, 0x00000006d9900000|  0%| F|  |TS  0|AC  0|TAMS 0x00000006d9800000, 0x00000006d9800000|
| 203|0x00000006d9900000, 0x00000006d9900000, 0x00000006d9a00000|  0%| F|  |TS  0|AC  0|TAMS 0x00000006d9900000, 0x00000006d9900000|
| 204|0x00000006d9a00000, 0x00000006d9a00000, 0x00000006d9b00000|  0%| F|  |TS  0|AC  0|TAMS 0x00000006d9a00000, 0x00000006d9a00000|
| 205|0x00000006d9b00000, 0x00000006d9b00000, 0x00000006d9c00000|  0%| F|  |TS  0|AC  0|TAMS 0x00000006d9b00000, 0x00000006d9b00000|
| 206|0x00000006d9c00000, 0x00000006d9c00000, 0x00000006d9d00000|  0%| F|  |TS  0|AC  0|TAMS 0x00000006d9c00000, 0x00000006d9c00000|
| 207|0x00000006d9d00000, 0x00000006d9d00000, 0x00000006d9e00000|  0%| F|  |TS  0|AC  0|TAMS 0x00000006d9d00000, 0x00000006d9d00000|
| 208|0x00000006d9e00000, 0x00000006d9e00000, 0x00000006d9f00000|  0%| F|  |TS  0|AC  0|TAMS 0x00000006d9e00000, 0x00000006d9e00000|
| 209|0x00000006d9f00000, 0x00000006d9f00000, 0x00000006da000000|  0%| F|  |TS  0|AC  0|TAMS 0x00000006d9f00000, 0x00000006d9f00000|
| 210|0x00000006da000000, 0x00000006da000000, 0x00000006da100000|  0%| F|  |TS  0|AC  0|TAMS 0x00000006da000000, 0x00000006da000000|
| 211|0x00000006da100000, 0x00000006da100000, 0x00000006da200000|  0%| F|  |TS  0|AC  0|TAMS 0x00000006da100000, 0x00000006da100000|
| 212|0x00000006da200000, 0x00000006da200000, 0x00000006da300000|  0%| F|  |TS  0|AC  0|TAMS 0x00000006da200000, 0x00000006da200000|
| 213|0x00000006da300000, 0x00000006da300000, 0x00000006da400000|  0%| F|  |TS  0|AC  0|TAMS 0x00000006da300000, 0x00000006da300000|
| 214|0x00000006da400000, 0x00000006da400000, 0x00000006da500000|  0%| F|  |TS  0|AC  0|TAMS 0x00000006da400000, 0x00000006da400000|
| 215|0x00000006da500000, 0x00000006da500000, 0x00000006da600000|  0%| F|  |TS  0|AC  0|TAMS 0x00000006da500000, 0x00000006da500000|
| 216|0x00000006da600000, 0x00000006da600000, 0x00000006da700000|  0%| F|  |TS  0|AC  0|TAMS 0x00000006da600000, 0x00000006da600000|
| 217|0x00000006da700000, 0x00000006da700000, 0x00000006da800000|  0%| F|  |TS  0|AC  0|TAMS 0x00000006da700000, 0x00000006da700000|
| 218|0x00000006da800000, 0x00000006da800000, 0x00000006da900000|  0%| F|  |TS  0|AC  0|TAMS 0x00000006da800000, 0x00000006da800000|
| 219|0x00000006da900000, 0x00000006da900000, 0x00000006daa00000|  0%| F|  |TS  0|AC  0|TAMS 0x00000006da900000, 0x00000006da900000|
| 220|0x00000006daa00000, 0x00000006daa00000, 0x00000006dab00000|  0%| F|  |TS  0|AC  0|TAMS 0x00000006daa00000, 0x00000006daa00000|
| 221|0x00000006dab00000, 0x00000006dab00000, 0x00000006dac00000|  0%| F|  |TS  0|AC  0|TAMS 0x00000006dab00000, 0x00000006dab00000|
| 222|0x00000006dac00000, 0x00000006dac00000, 0x00000006dad00000|  0%| F|  |TS  0|AC  0|TAMS 0x00000006dac00000, 0x00000006dac00000|
| 223|0x00000006dad00000, 0x00000006dad00000, 0x00000006dae00000|  0%| F|  |TS  0|AC  0|TAMS 0x00000006dad00000, 0x00000006dad00000|
| 224|0x00000006dae00000, 0x00000006dae00000, 0x00000006daf00000|  0%| F|  |TS  0|AC  0|TAMS 0x00000006dae00000, 0x00000006dae00000|
| 225|0x00000006daf00000, 0x00000006daf00000, 0x00000006db000000|  0%| F|  |TS  0|AC  0|TAMS 0x00000006daf00000, 0x00000006daf00000|
| 226|0x00000006db000000, 0x00000006db000000, 0x00000006db100000|  0%| F|  |TS  0|AC  0|TAMS 0x00000006db000000, 0x00000006db000000|
| 227|0x00000006db100000, 0x00000006db100000, 0x00000006db200000|  0%| F|  |TS  0|AC  0|TAMS 0x00000006db100000, 0x00000006db100000|
| 228|0x00000006db200000, 0x00000006db200000, 0x00000006db300000|  0%| F|  |TS  0|AC  0|TAMS 0x00000006db200000, 0x00000006db200000|
| 229|0x00000006db300000, 0x00000006db300000, 0x00000006db400000|  0%| F|  |TS  0|AC  0|TAMS 0x00000006db300000, 0x00000006db300000|
| 230|0x00000006db400000, 0x00000006db400000, 0x00000006db500000|  0%| F|  |TS  0|AC  0|TAMS 0x00000006db400000, 0x00000006db400000|
| 231|0x00000006db500000, 0x00000006db500000, 0x00000006db600000|  0%| F|  |TS  0|AC  0|TAMS 0x00000006db500000, 0x00000006db500000|
| 232|0x00000006db600000, 0x00000006db600000, 0x00000006db700000|  0%| F|  |TS  0|AC  0|TAMS 0x00000006db600000, 0x00000006db600000|
| 233|0x00000006db700000, 0x00000006db78fe50, 0x00000006db800000| 56%| E|  |TS  0|AC  0|TAMS 0x00000006db700000, 0x00000006db700000|
| 234|0x00000006db800000, 0x00000006db900000, 0x00000006db900000|100%| E|CS|TS  0|AC  0|TAMS 0x00000006db800000, 0x00000006db800000|
| 235|0x00000006db900000, 0x00000006dba00000, 0x00000006dba00000|100%| E|CS|TS  0|AC  0|TAMS 0x00000006db900000, 0x00000006db900000|
| 236|0x00000006dba00000, 0x00000006dbb00000, 0x00000006dbb00000|100%| E|CS|TS  0|AC  0|TAMS 0x00000006dba00000, 0x00000006dba00000|
| 237|0x00000006dbb00000, 0x00000006dbc00000, 0x00000006dbc00000|100%| E|CS|TS  0|AC  0|TAMS 0x00000006dbb00000, 0x00000006dbb00000|
| 238|0x00000006dbc00000, 0x00000006dbd00000, 0x00000006dbd00000|100%| E|CS|TS  0|AC  0|TAMS 0x00000006dbc00000, 0x00000006dbc00000|
| 239|0x00000006dbd00000, 0x00000006dbe00000, 0x00000006dbe00000|100%| E|CS|TS  0|AC  0|TAMS 0x00000006dbd00000, 0x00000006dbd00000|
| 240|0x00000006dbe00000, 0x00000006dbf00000, 0x00000006dbf00000|100%| E|CS|TS  0|AC  0|TAMS 0x00000006dbe00000, 0x00000006dbe00000|
| 241|0x00000006dbf00000, 0x00000006dc000000, 0x00000006dc000000|100%| E|CS|TS  0|AC  0|TAMS 0x00000006dbf00000, 0x00000006dbf00000|
| 242|0x00000006dc000000, 0x00000006dc100000, 0x00000006dc100000|100%| E|CS|TS  0|AC  0|TAMS 0x00000006dc000000, 0x00000006dc000000|
| 243|0x00000006dc100000, 0x00000006dc200000, 0x00000006dc200000|100%| E|CS|TS  0|AC  0|TAMS 0x00000006dc100000, 0x00000006dc100000|

Card table byte_map: [0x000001baf9740000,0x000001baf9ee0000] byte_map_base: 0x000001baf60d9000

Marking Bits (Prev, Next): (CMBitMap*) 0x000001baf8f4d530, (CMBitMap*) 0x000001baf8f4d568
 Prev Bits: [0x000001bafa680000, 0x000001bafe348000)
 Next Bits: [0x000001ba966d0000, 0x000001ba9a398000)

Polling page: 0x000001baf7040000

CodeHeap 'non-profiled nmethods': size=120064Kb used=191Kb max_used=191Kb free=119872Kb
 bounds [0x000001ba8f190000, 0x000001ba8f400000, 0x000001ba966d0000]
CodeHeap 'profiled nmethods': size=120000Kb used=1031Kb max_used=1031Kb free=118968Kb
 bounds [0x000001ba87c60000, 0x000001ba87ed0000, 0x000001ba8f190000]
CodeHeap 'non-nmethods': size=5696Kb used=1329Kb max_used=1342Kb free=4366Kb
 bounds [0x000001ba876d0000, 0x000001ba87940000, 0x000001ba87c60000]
 total_blobs=1534 nmethods=594 adapters=691
 compilation: enabled

Compilation events (10 events):
Event: 0.702 Thread 0x000001baff26e000 nmethod 589 0x000001ba87d5c310 code [0x000001ba87d5c4e0, 0x000001ba87d5c8b8]
Event: 0.702 Thread 0x000001baff26e000  590       3       java.util.regex.ASCII::isWord (7 bytes)
Event: 0.702 Thread 0x000001baff26e000 nmethod 590 0x000001ba87d5ca10 code [0x000001ba87d5cbe0, 0x000001ba87d5ceb8]
Event: 0.702 Thread 0x000001baff26e000  591       3       java.util.regex.ASCII::isType (15 bytes)
Event: 0.702 Thread 0x000001baff26e000 nmethod 591 0x000001ba87d5d010 code [0x000001ba87d5d1e0, 0x000001ba87d5d458]
Event: 0.703 Thread 0x000001baff26b800  592       4       jdk.internal.jimage.ImageStringsReader::unmaskedHashCode (173 bytes)
Event: 0.703 Thread 0x000001baff265800  593       4       sun.nio.fs.WindowsPathParser::isInvalidPathChar (22 bytes)
Event: 0.705 Thread 0x000001baff265800 nmethod 593 0x000001ba8f1bf610 code [0x000001ba8f1bf7a0, 0x000001ba8f1bf878]
Event: 0.705 Thread 0x000001baff26b800 nmethod 592 0x000001ba8f1bf990 code [0x000001ba8f1bfb40, 0x000001ba8f1bfce8]
Event: 0.708 Thread 0x000001baff26e000  594  s!   3       jdk.internal.loader.URLClassPath::getLoader (202 bytes)

GC Heap History (0 events):
No events

Deoptimization events (4 events):
Event: 0.143 Thread 0x000001baf8edc000 Uncommon trap: reason=unstable_if action=reinterpret pc=0x000001ba8f193b00 method=java.lang.String.hashCode()I @ 14 c2
Event: 0.153 Thread 0x000001baf8edc000 Uncommon trap: reason=unstable_if action=reinterpret pc=0x000001ba8f191e90 method=java.lang.String.isLatin1()Z @ 10 c2
Event: 0.333 Thread 0x000001baf8edc000 Uncommon trap: reason=unstable_if action=reinterpret pc=0x000001ba8f1a1f7c method=java.io.WinNTFileSystem.isSlash(C)Z @ 9 c2
Event: 0.347 Thread 0x000001baf8edc000 Uncommon trap: reason=bimorphic_or_optimized_type_check action=maybe_recompile pc=0x000001ba8f1b0640 method=java.util.HashMap.getNode(ILjava/lang/Object;)Ljava/util/HashMap$Node; @ 126 c2

Classes redefined (0 events):
No events

Internal exceptions (10 events):
Event: 0.287 Thread 0x000001baf8edc000 Exception <a 'java/lang/NoSuchMethodError'{0x00000006dbdf1fb8}: java.lang.Object.lambda$static$0(Ljava/lang/String;)Ljava/lang/Boolean;> (0x00000006dbdf1fb8) thrown at [t:/workspace/open/src/hotspot/share/interpreter/linkResolver.cpp, line 741]
Event: 0.305 Thread 0x000001baf8edc000 Exception <a 'java/lang/NoSuchMethodError'{0x00000006dbca6290}: java.lang.Object.lambda$union$2(Ljava/util/regex/Pattern$CharPredicate;I)Z> (0x00000006dbca6290) thrown at [t:/workspace/open/src/hotspot/share/interpreter/linkResolver.cpp, line 741]
Event: 0.308 Thread 0x000001baf8edc000 Exception <a 'java/lang/NoSuchMethodError'{0x00000006dbccb8e0}: java.lang.invoke.DirectMethodHandle$Holder.invokeStatic(Ljava/lang/Object;Ljava/lang/Object;)I> (0x00000006dbccb8e0) thrown at [t:/workspace/open/src/hotspot/share/interpreter/linkResolver.cp
Event: 0.311 Thread 0x000001baf8edc000 Exception <a 'java/lang/NoSuchMethodError'{0x00000006dbcdd5c8}: method resolution failed> (0x00000006dbcdd5c8) thrown at [t:/workspace/open/src/hotspot/share/prims/methodHandles.cpp, line 1226]
Event: 0.312 Thread 0x000001baf8edc000 Exception <a 'java/lang/NoSuchMethodError'{0x00000006dbce11c8}: method resolution failed> (0x00000006dbce11c8) thrown at [t:/workspace/open/src/hotspot/share/prims/methodHandles.cpp, line 1226]
Event: 0.312 Thread 0x000001baf8edc000 Exception <a 'java/lang/NoSuchMethodError'{0x00000006dbce47c8}: java.lang.invoke.DelegatingMethodHandle$Holder.delegate(Ljava/lang/Object;Ljava/lang/Object;ILjava/lang/Object;)V> (0x00000006dbce47c8) thrown at [t:/workspace/open/src/hotspot/share/interpre
Event: 0.313 Thread 0x000001baf8edc000 Exception <a 'java/lang/NoSuchMethodError'{0x00000006dbce83e0}: method resolution failed> (0x00000006dbce83e0) thrown at [t:/workspace/open/src/hotspot/share/prims/methodHandles.cpp, line 1226]
Event: 0.313 Thread 0x000001baf8edc000 Exception <a 'java/lang/NoSuchMethodError'{0x00000006dbcef2e0}: java.lang.invoke.DirectMethodHandle$Holder.invokeStaticInit(Ljava/lang/Object;Ljava/lang/Object;Ljava/lang/Object;)Ljava/lang/Object;> (0x00000006dbcef2e0) thrown at [t:/workspace/open/src/ho
Event: 0.704 Thread 0x000001baf8edc000 Exception <a 'sun/nio/fs/WindowsException'{0x00000006db7219b0}> (0x00000006db7219b0) thrown at [t:/workspace/open/src/hotspot/share/prims/jni.cpp, line 611]
Event: 0.704 Thread 0x000001baf8edc000 Exception <a 'sun/nio/fs/WindowsException'{0x00000006db721e98}> (0x00000006db721e98) thrown at [t:/workspace/open/src/hotspot/share/prims/jni.cpp, line 611]

Events (10 events):
Event: 0.704 loading class java/nio/file/FileSystemException done
Event: 0.704 Executing VM operation: Deoptimize
Event: 0.704 Executing VM operation: Deoptimize done
Event: 0.704 loading class java/nio/file/NoSuchFileException done
Event: 0.708 loading class org/lwjgl/opengl/GL$1
Event: 0.708 loading class org/lwjgl/opengl/GL$1 done
Event: 0.708 loading class org/lwjgl/opengl/GL$SharedLibraryGL
Event: 0.708 loading class org/lwjgl/opengl/GL$SharedLibraryGL done
Event: 0.708 loading class org/lwjgl/system/SharedLibrary$Delegate
Event: 0.708 loading class org/lwjgl/system/SharedLibrary$Delegate done


Dynamic libraries:
0x00007ff7df1b0000 - 0x00007ff7df1ee000 	C:\Program Files\Java\jre-10.0.1\bin\javaw.exe
0x00007ffebe9f0000 - 0x00007ffebebd1000 	C:\WINDOWS\SYSTEM32\ntdll.dll
0x00007ffebdcc0000 - 0x00007ffebdd72000 	C:\WINDOWS\System32\KERNEL32.DLL
0x00007ffebb140000 - 0x00007ffebb3b3000 	C:\WINDOWS\System32\KERNELBASE.dll
0x00007ffebe5e0000 - 0x00007ffebe681000 	C:\WINDOWS\System32\ADVAPI32.dll
0x00007ffebda50000 - 0x00007ffebdaee000 	C:\WINDOWS\System32\msvcrt.dll
0x00007ffebbf10000 - 0x00007ffebbf6b000 	C:\WINDOWS\System32\sechost.dll
0x00007ffebe890000 - 0x00007ffebe9b4000 	C:\WINDOWS\System32\RPCRT4.dll
0x00007ffebe2e0000 - 0x00007ffebe470000 	C:\WINDOWS\System32\USER32.dll
0x00007ffebbad0000 - 0x00007ffebbaf0000 	C:\WINDOWS\System32\win32u.dll
0x00007ffebdc70000 - 0x00007ffebdc98000 	C:\WINDOWS\System32\GDI32.dll
0x00007ffebae40000 - 0x00007ffebafd2000 	C:\WINDOWS\System32\gdi32full.dll
0x00007ffebbbf0000 - 0x00007ffebbc8f000 	C:\WINDOWS\System32\msvcp_win.dll
0x00007ffebb040000 - 0x00007ffebb13a000 	C:\WINDOWS\System32\ucrtbase.dll
0x00007ffeb53c0000 - 0x00007ffeb5629000 	C:\WINDOWS\WinSxS\amd64_microsoft.windows.common-controls_6595b64144ccf1df_6.0.17134.81_none_b4b229fe3cb4cfa3\COMCTL32.dll
0x00007ffebdec0000 - 0x00007ffebe1e3000 	C:\WINDOWS\System32\combase.dll
0x00007ffebadc0000 - 0x00007ffebae3a000 	C:\WINDOWS\System32\bcryptPrimitives.dll
0x00007ffeb3840000 - 0x00007ffeb384a000 	C:\WINDOWS\SYSTEM32\VERSION.dll
0x00007ffebbee0000 - 0x00007ffebbf0d000 	C:\WINDOWS\System32\IMM32.DLL
0x00007ffeb9ea0000 - 0x00007ffeb9ed1000 	C:\WINDOWS\SYSTEM32\ntmarta.dll
0x00007ffebac00000 - 0x00007ffebac30000 	C:\WINDOWS\SYSTEM32\SspiCli.dll
0x00007ffe80d60000 - 0x00007ffe80e4f000 	C:\Program Files\Java\jre-10.0.1\bin\msvcr120.dll
0x00007ffe8e010000 - 0x00007ffe8e0b6000 	C:\Program Files\Java\jre-10.0.1\bin\msvcp120.dll
0x0000000071cd0000 - 0x0000000072740000 	C:\Program Files\Java\jre-10.0.1\bin\server\jvm.dll
0x00007ffebdeb0000 - 0x00007ffebdeb8000 	C:\WINDOWS\System32\PSAPI.DLL
0x00007ffeaea90000 - 0x00007ffeaeab3000 	C:\WINDOWS\SYSTEM32\WINMM.dll
0x00007ffeaaf00000 - 0x00007ffeaaf09000 	C:\WINDOWS\SYSTEM32\WSOCK32.dll
0x00007ffebdd90000 - 0x00007ffebddfc000 	C:\WINDOWS\System32\WS2_32.dll
0x00007ffeae940000 - 0x00007ffeae96a000 	C:\WINDOWS\SYSTEM32\winmmbase.dll
0x00007ffebbba0000 - 0x00007ffebbbe9000 	C:\WINDOWS\System32\cfgmgr32.dll
0x00007ffea8800000 - 0x00007ffea880f000 	C:\Program Files\Java\jre-10.0.1\bin\verify.dll
0x00007ffeb0320000 - 0x00007ffeb04e9000 	C:\WINDOWS\SYSTEM32\DBGHELP.DLL
0x00007ffeaae70000 - 0x00007ffeaae99000 	C:\WINDOWS\SYSTEM32\dbgcore.DLL
0x00007ffe905f0000 - 0x00007ffe90617000 	C:\Program Files\Java\jre-10.0.1\bin\java.dll
0x00007ffe9d150000 - 0x00007ffe9d166000 	C:\Program Files\Java\jre-10.0.1\bin\zip.dll
0x00007ffea7ae0000 - 0x00007ffea7aea000 	C:\Program Files\Java\jre-10.0.1\bin\jimage.dll
0x00007ffebc430000 - 0x00007ffebd870000 	C:\WINDOWS\System32\SHELL32.dll
0x00007ffebde00000 - 0x00007ffebdea9000 	C:\WINDOWS\System32\shcore.dll
0x00007ffebb3c0000 - 0x00007ffebbacd000 	C:\WINDOWS\System32\windows.storage.dll
0x00007ffebbf70000 - 0x00007ffebbfc1000 	C:\WINDOWS\System32\shlwapi.dll
0x00007ffebad00000 - 0x00007ffebad11000 	C:\WINDOWS\System32\kernel.appcore.dll
0x00007ffebad70000 - 0x00007ffebad8f000 	C:\WINDOWS\System32\profapi.dll
0x00007ffebad20000 - 0x00007ffebad6c000 	C:\WINDOWS\System32\powrprof.dll
0x00007ffebad90000 - 0x00007ffebad9a000 	C:\WINDOWS\System32\FLTLIB.DLL
0x00007ffe9b2c0000 - 0x00007ffe9b2da000 	C:\Program Files\Java\jre-10.0.1\bin\net.dll
0x00007ffeb6090000 - 0x00007ffeb616d000 	C:\WINDOWS\SYSTEM32\WINHTTP.dll
0x00007ffeba520000 - 0x00007ffeba586000 	C:\WINDOWS\system32\mswsock.dll
0x00007ffe9af10000 - 0x00007ffe9af21000 	C:\Program Files\Java\jre-10.0.1\bin\nio.dll
0x00007ffeaec40000 - 0x00007ffeaec9b000 	C:\Users\Harry\AppData\Local\Temp\lwjglHarry\3.1.6-build-14\lwjgl.dll
0x00007ffeaebe0000 - 0x00007ffeaec31000 	C:\Users\Harry\AppData\Local\Temp\lwjglHarry\3.1.6-build-14\glfw.dll
0x00007ffeb9200000 - 0x00007ffeb9298000 	C:\WINDOWS\system32\uxtheme.dll
0x00007ffea8cc0000 - 0x00007ffea8d03000 	C:\WINDOWS\SYSTEM32\dinput8.dll
0x00007ffeb7ab0000 - 0x00007ffeb7ac0000 	C:\WINDOWS\SYSTEM32\xinput1_4.dll
0x00007ffebaab0000 - 0x00007ffebaad7000 	C:\WINDOWS\SYSTEM32\DEVOBJ.dll
0x00007ffeabd90000 - 0x00007ffeabe09000 	C:\WINDOWS\SYSTEM32\inputhost.dll
0x00007ffeb70a0000 - 0x00007ffeb71ed000 	C:\WINDOWS\SYSTEM32\wintypes.dll
0x00007ffeb8e80000 - 0x00007ffeb8f5a000 	C:\WINDOWS\SYSTEM32\CoreMessaging.dll
0x00007ffeaba70000 - 0x00007ffeabd8e000 	C:\WINDOWS\SYSTEM32\CoreUIComponents.dll
0x00007ffeb9490000 - 0x00007ffeb94b9000 	C:\WINDOWS\SYSTEM32\dwmapi.dll
0x00007ffebdaf0000 - 0x00007ffebdc65000 	C:\WINDOWS\System32\MSCTF.dll
0x00007ffebe510000 - 0x00007ffebe5d2000 	C:\WINDOWS\System32\OLEAUT32.dll
0x00007ffeb9a30000 - 0x00007ffeb9a3c000 	C:\WINDOWS\SYSTEM32\HID.DLL
0x00007ffebbfe0000 - 0x00007ffebc42b000 	C:\WINDOWS\System32\SETUPAPI.DLL
0x00007ffebafe0000 - 0x00007ffebb037000 	C:\WINDOWS\System32\WINTRUST.dll
0x00007ffebada0000 - 0x00007ffebadb2000 	C:\WINDOWS\System32\MSASN1.dll
0x00007ffebbc90000 - 0x00007ffebbe72000 	C:\WINDOWS\System32\CRYPT32.dll
0x00007ffea8c60000 - 0x00007ffea8cbf000 	C:\Users\Harry\AppData\Local\Temp\lwjglHarry\3.1.6-build-14\lwjgl_opengl.dll
0x00007ffe91270000 - 0x00007ffe91390000 	C:\WINDOWS\SYSTEM32\opengl32.dll
0x00007ffe91240000 - 0x00007ffe9126c000 	C:\WINDOWS\SYSTEM32\GLU32.dll

dbghelp: loaded successfully - version: 4.0.5 - missing functions: none
symbol engine: initialized successfully - sym options: 0x614 - pdb path: .;C:\Program Files\Java\jre-10.0.1\bin;C:\WINDOWS\SYSTEM32;C:\WINDOWS\WinSxS\amd64_microsoft.windows.common-controls_6595b64144ccf1df_6.0.17134.81_none_b4b229fe3cb4cfa3;C:\Program Files\Java\jre-10.0.1\bin\server;C:\Users\Harry\AppData\Local\Temp\lwjglHarry\3.1.6-build-14

VM Arguments:
jvm_args: -Dfile.encoding=Cp1252 
java_command: Game.gameLoop -javaagent:CelestialHorizonsz/res/lwjglx-debug-1.0.0.jar=n
java_class_path (initial): C:\Program Files\Java\jre-10.0.1\lib\jrt-fs.jar;C:\Users\Harry\Documents\GitHub\Official-Celestial-Horizons\CelestialHorizonsz\bin;C:\Users\Harry\Documents\GitHub\CelestialHorizons\lib\lwjgl-assimp-natives-windows.jar;C:\Users\Harry\Documents\GitHub\CelestialHorizons\lib\lwjgl-assimp.jar;C:\Users\Harry\Documents\GitHub\CelestialHorizons\lib\lwjgl-bgfx-natives-windows.jar;C:\Users\Harry\Documents\GitHub\CelestialHorizons\lib\lwjgl-bgfx.jar;C:\Users\Harry\Documents\GitHub\CelestialHorizons\lib\lwjgl-egl.jar;C:\Users\Harry\Documents\GitHub\CelestialHorizons\lib\lwjgl-glfw-natives-windows.jar;C:\Users\Harry\Documents\GitHub\CelestialHorizons\lib\lwjgl-glfw.jar;C:\Users\Harry\Documents\GitHub\CelestialHorizons\lib\lwjgl-jawt.jar;C:\Users\Harry\Documents\GitHub\CelestialHorizons\lib\lwjgl-jemalloc-natives-windows.jar;C:\Users\Harry\Documents\GitHub\CelestialHorizons\lib\lwjgl-jemalloc.jar;C:\Users\Harry\Documents\GitHub\CelestialHorizons\lib\lwjgl-lmdb-natives-windows.jar;C:\Users\Harry\Documents\GitHub\CelestialHorizons\lib\lwjgl-lmdb.jar;C:\Users\Harry\Documents\GitHub\CelestialHorizons\lib\lwjgl-lz4-natives-windows.jar;C:\Users\Harry\Documents\GitHub\CelestialHorizons\lib\lwjgl-lz4.jar;C:\Users\Harry\Documents\GitHub\CelestialHorizons\lib\lwjgl-nanovg-natives-windows.jar;C:\Users\Harry\Documents\GitHub\CelestialHorizons\lib\lwjgl-nanovg.jar;C:\Users\Harry\Documents\GitHub\CelestialHorizons\lib\lwjgl-natives-windows.jar;C:\Users\Harry\Documents\GitHub\CelestialHorizons\lib\lwjgl-nfd-natives-windows.jar;C:\Users\Harry\Documents\GitHub\CelestialHorizons\lib\lwjgl-nfd.jar;C:\Users\Harry\Documents\GitHub\CelestialHorizons\lib\lwjgl-nuklear-natives-windows.jar;C:\Users\Harry\Documents\GitHub\CelestialHorizons\lib\lwjgl-nuklear.jar;C:\Users\Harry\Documents\GitHub\CelestialHorizons\lib\lwjgl-odbc.jar;C:\Users\Harry\Documents\GitHub\CelestialHorizons\lib\lwjgl-openal-natives-windows.jar;C:\Users\Harry\Documents\GitHub\CelestialHorizons\lib\lwjgl-ope
Launcher Type: SUN_STANDARD

Logging:
Log output configuration:
#0: stdout all=warning uptime,level,tags
#1: stderr all=off uptime,level,tags

Environment Variables:
PATH=C:\Program Files (x86)\Common Files\Oracle\Java\javapath;C:\Program Files (x86)\Common Files\Intel\Shared Libraries\redist\intel64\compiler;C:\ProgramData\Oracle\Java\javapath;C:\WINDOWS\system32;C:\WINDOWS;C:\WINDOWS\System32\Wbem;C:\WINDOWS\System32\WindowsPowerShell\v1.0\;C:\Program Files (x86)\ATI Technologies\ATI.ACE\Core-Static;C:\Program Files (x86)\AMD\ATI.ACE\Core-Static;C:\Program Files (x86)\Common Files\Roxio Shared\DLLShared\;C:\Program Files (x86)\Common Files\Roxio Shared\Game1X\DLLShared\;C:\Program Files (x86)\Windows Live\Shared;C:\Program Files\Microsoft SQL Server\Client SDK\ODBC\130\Tools\Binn\;C:\Program Files (x86)\Microsoft SQL Server\140\Tools\Binn\;C:\Program Files\Microsoft SQL Server\140\Tools\Binn\;C:\Program Files\Microsoft SQL Server\140\DTS\Binn\;C:\Program Files\dotnet\;C:\WINDOWS\System32\OpenSSH\;C:\Users\Harry\AppData\Local\Microsoft\WindowsApps;C:\Users\Harry\AppData\Local\GitHubDesktop\bin;%USERPROFILE%\AppData\Local\Microsoft\WindowsApps;
USERNAME=Harry
OS=Windows_NT
PROCESSOR_IDENTIFIER=AMD64 Family 21 Model 19 Stepping 1, AuthenticAMD



---------------  S Y S T E M  ---------------

OS: Windows 10 , 64 bit Build 17134 (10.0.17134.1)

CPU:total 4 (initial active 4) (4 cores per cpu, 1 threads per core) family 21 model 19 stepping 1, cmov, cx8, fxsr, mmx, sse, sse2, sse3, ssse3, sse4.1, sse4.2, popcnt, avx, aes, clmul, mmxext, 3dnowpref, lzcnt, sse4a, tsc, tscinvbit, tscinv, bmi1, fma

Memory: 4k page, physical 15932700k(10371628k free), swap 17775900k(11478740k free)

vm_info: Java HotSpot(TM) 64-Bit Server VM (10.0.1+10) for windows-amd64 JRE (10.0.1+10), built on Mar 27 2018 02:27:48 by "mach5one" with MS VC++ 12.0 (VS2013)

END.
